2022-08-05 00:01:21.749 +06:00 [INF] Now listening on: https://localhost:7073
2022-08-05 00:01:21.803 +06:00 [INF] Now listening on: http://localhost:5073
2022-08-05 00:01:21.809 +06:00 [INF] Application started. Press Ctrl+C to shut down.
2022-08-05 00:01:21.809 +06:00 [INF] Hosting environment: Development
2022-08-05 00:01:21.809 +06:00 [INF] Content root path: G:\ASPDotNetWebAPI\HotelListing\HotelListing\
2022-08-05 00:01:23.908 +06:00 [INF] Request starting HTTP/2 GET https://localhost:7073/swagger/index.html - -
2022-08-05 00:01:24.860 +06:00 [INF] Request starting HTTP/2 GET https://localhost:7073/_framework/aspnetcore-browser-refresh.js - -
2022-08-05 00:01:24.865 +06:00 [INF] Request finished HTTP/2 GET https://localhost:7073/swagger/index.html - - - 200 - text/html;charset=utf-8 961.8003ms
2022-08-05 00:01:24.866 +06:00 [INF] Request finished HTTP/2 GET https://localhost:7073/_framework/aspnetcore-browser-refresh.js - - - 200 11981 application/javascript;+charset=utf-8 6.4390ms
2022-08-05 00:01:25.519 +06:00 [INF] Request starting HTTP/2 GET https://localhost:7073/swagger/v1/swagger.json - -
2022-08-05 00:01:25.866 +06:00 [INF] Request finished HTTP/2 GET https://localhost:7073/swagger/v1/swagger.json - - - 200 - application/json;charset=utf-8 346.7243ms
2022-08-05 00:01:41.420 +06:00 [INF] Request starting HTTP/2 GET https://localhost:7073/api/Country/1 - -
2022-08-05 00:01:41.432 +06:00 [INF] Executing endpoint 'HotelListing.Controllers.CountryController.GetCountry (HotelListing)'
2022-08-05 00:01:41.490 +06:00 [INF] Route matched with {action = "GetCountry", controller = "Country"}. Executing controller action with signature System.Threading.Tasks.Task`1[Microsoft.AspNetCore.Mvc.ActionResult] GetCountry(Int32) on controller HotelListing.Controllers.CountryController (HotelListing).
2022-08-05 00:01:43.038 +06:00 [INF] Entity Framework Core 6.0.7 initialized 'DatabaseContext' using provider 'Microsoft.EntityFrameworkCore.SqlServer:6.0.7' with options: None
2022-08-05 00:01:43.240 +06:00 [ERR] Something went wrong in the GetCountry
System.InvalidOperationException: An error was generated for warning 'Microsoft.EntityFrameworkCore.Query.InvalidIncludePathError': Unable to find navigation 'Hotels' specified in string based include path 'Hotels'. This exception can be suppressed or logged by passing event ID 'CoreEventId.InvalidIncludePathError' to the 'ConfigureWarnings' method in 'DbContext.OnConfiguring' or 'AddDbContext'.
   at Microsoft.EntityFrameworkCore.Diagnostics.EventDefinition`2.Log[TLoggerCategory](IDiagnosticsLogger`1 logger, TParam1 arg1, TParam2 arg2)
   at Microsoft.EntityFrameworkCore.Diagnostics.CoreLoggerExtensions.InvalidIncludePathError(IDiagnosticsLogger`1 diagnostics, String navigationChain, String navigationName)
   at Microsoft.EntityFrameworkCore.Query.Internal.NavigationExpandingExpressionVisitor.ProcessInclude(NavigationExpansionExpression source, Expression expression, Boolean thenInclude, Boolean setLoaded)
   at Microsoft.EntityFrameworkCore.Query.Internal.NavigationExpandingExpressionVisitor.VisitMethodCall(MethodCallExpression methodCallExpression)
   at System.Linq.Expressions.MethodCallExpression.Accept(ExpressionVisitor visitor)
   at System.Linq.Expressions.ExpressionVisitor.Visit(Expression node)
   at Microsoft.EntityFrameworkCore.Query.Internal.NavigationExpandingExpressionVisitor.VisitMethodCall(MethodCallExpression methodCallExpression)
   at System.Linq.Expressions.MethodCallExpression.Accept(ExpressionVisitor visitor)
   at System.Linq.Expressions.ExpressionVisitor.Visit(Expression node)
   at Microsoft.EntityFrameworkCore.Query.Internal.NavigationExpandingExpressionVisitor.Expand(Expression query)
   at Microsoft.EntityFrameworkCore.Query.QueryTranslationPreprocessor.Process(Expression query)
   at Microsoft.EntityFrameworkCore.Query.QueryCompilationContext.CreateQueryExecutor[TResult](Expression query)
   at Microsoft.EntityFrameworkCore.Storage.Database.CompileQuery[TResult](Expression query, Boolean async)
   at Microsoft.EntityFrameworkCore.Query.Internal.QueryCompiler.CompileQueryCore[TResult](IDatabase database, Expression query, IModel model, Boolean async)
   at Microsoft.EntityFrameworkCore.Query.Internal.QueryCompiler.<>c__DisplayClass12_0`1.<ExecuteAsync>b__0()
   at Microsoft.EntityFrameworkCore.Query.Internal.CompiledQueryCache.GetOrAddQuery[TResult](Object cacheKey, Func`1 compiler)
   at Microsoft.EntityFrameworkCore.Query.Internal.QueryCompiler.ExecuteAsync[TResult](Expression query, CancellationToken cancellationToken)
   at Microsoft.EntityFrameworkCore.Query.Internal.EntityQueryProvider.ExecuteAsync[TResult](Expression expression, CancellationToken cancellationToken)
   at Microsoft.EntityFrameworkCore.EntityFrameworkQueryableExtensions.ExecuteAsync[TSource,TResult](MethodInfo operatorMethodInfo, IQueryable`1 source, Expression expression, CancellationToken cancellationToken)
   at Microsoft.EntityFrameworkCore.EntityFrameworkQueryableExtensions.ExecuteAsync[TSource,TResult](MethodInfo operatorMethodInfo, IQueryable`1 source, LambdaExpression expression, CancellationToken cancellationToken)
   at Microsoft.EntityFrameworkCore.EntityFrameworkQueryableExtensions.FirstOrDefaultAsync[TSource](IQueryable`1 source, Expression`1 predicate, CancellationToken cancellationToken)
   at HotelListing.Repository.GenericRepository`1.Get(Expression`1 expression, List`1 includes) in G:\ASPDotNetWebAPI\HotelListing\HotelListing\Repository\GenericRepository.cs:line 0
   at HotelListing.Controllers.CountryController.GetCountry(Int32 id) in G:\ASPDotNetWebAPI\HotelListing\HotelListing\Controllers\CountryController.cs:line 46
2022-08-05 00:01:43.365 +06:00 [INF] Executing ObjectResult, writing value of type 'System.String'.
2022-08-05 00:01:43.375 +06:00 [INF] Executed action HotelListing.Controllers.CountryController.GetCountry (HotelListing) in 1875.9901ms
2022-08-05 00:01:43.376 +06:00 [INF] Executed endpoint 'HotelListing.Controllers.CountryController.GetCountry (HotelListing)'
2022-08-05 00:01:43.386 +06:00 [INF] Request finished HTTP/2 GET https://localhost:7073/api/Country/1 - - - 500 - text/plain;+charset=utf-8 1966.5588ms
2022-08-05 00:19:54.257 +06:00 [INF] Now listening on: https://localhost:7073
2022-08-05 00:19:54.298 +06:00 [INF] Now listening on: http://localhost:5073
2022-08-05 00:19:54.303 +06:00 [INF] Application started. Press Ctrl+C to shut down.
2022-08-05 00:19:54.304 +06:00 [INF] Hosting environment: Development
2022-08-05 00:19:54.304 +06:00 [INF] Content root path: G:\ASPDotNetWebAPI\HotelListing\HotelListing\
2022-08-05 00:19:54.607 +06:00 [INF] Request starting HTTP/2 GET https://localhost:7073/swagger/index.html - -
2022-08-05 00:19:54.918 +06:00 [INF] Request finished HTTP/2 GET https://localhost:7073/swagger/index.html - - - 200 - text/html;charset=utf-8 315.2128ms
2022-08-05 00:19:54.943 +06:00 [INF] Request starting HTTP/2 GET https://localhost:7073/_framework/aspnetcore-browser-refresh.js - -
2022-08-05 00:19:54.947 +06:00 [INF] Request finished HTTP/2 GET https://localhost:7073/_framework/aspnetcore-browser-refresh.js - - - 200 11981 application/javascript;+charset=utf-8 3.9135ms
2022-08-05 00:19:55.817 +06:00 [INF] Request starting HTTP/2 GET https://localhost:7073/swagger/v1/swagger.json - -
2022-08-05 00:19:55.975 +06:00 [INF] Request finished HTTP/2 GET https://localhost:7073/swagger/v1/swagger.json - - - 200 - application/json;charset=utf-8 158.0306ms
2022-08-05 00:21:34.432 +06:00 [INF] Now listening on: https://localhost:7073
2022-08-05 00:21:34.472 +06:00 [INF] Now listening on: http://localhost:5073
2022-08-05 00:21:34.477 +06:00 [INF] Application started. Press Ctrl+C to shut down.
2022-08-05 00:21:34.477 +06:00 [INF] Hosting environment: Development
2022-08-05 00:21:34.477 +06:00 [INF] Content root path: G:\ASPDotNetWebAPI\HotelListing\HotelListing\
2022-08-05 00:21:34.925 +06:00 [INF] Request starting HTTP/2 GET https://localhost:7073/swagger/index.html - -
2022-08-05 00:21:35.271 +06:00 [INF] Request finished HTTP/2 GET https://localhost:7073/swagger/index.html - - - 200 - text/html;charset=utf-8 350.9541ms
2022-08-05 00:21:35.272 +06:00 [INF] Request starting HTTP/2 GET https://localhost:7073/_framework/aspnetcore-browser-refresh.js - -
2022-08-05 00:21:35.277 +06:00 [INF] Request finished HTTP/2 GET https://localhost:7073/_framework/aspnetcore-browser-refresh.js - - - 200 11981 application/javascript;+charset=utf-8 5.2532ms
2022-08-05 00:21:35.543 +06:00 [INF] Request starting HTTP/2 GET https://localhost:7073/swagger/v1/swagger.json - -
2022-08-05 00:21:35.720 +06:00 [INF] Request finished HTTP/2 GET https://localhost:7073/swagger/v1/swagger.json - - - 200 - application/json;charset=utf-8 177.4899ms
2022-08-05 00:21:51.090 +06:00 [INF] Request starting HTTP/2 GET https://localhost:7073/api/Country/1 - -
2022-08-05 00:21:51.100 +06:00 [INF] Executing endpoint 'HotelListing.Controllers.CountryController.GetCountry (HotelListing)'
2022-08-05 00:21:51.137 +06:00 [INF] Route matched with {action = "GetCountry", controller = "Country"}. Executing controller action with signature System.Threading.Tasks.Task`1[Microsoft.AspNetCore.Mvc.ActionResult] GetCountry(Int32) on controller HotelListing.Controllers.CountryController (HotelListing).
2022-08-05 00:21:52.511 +06:00 [INF] Entity Framework Core 6.0.7 initialized 'DatabaseContext' using provider 'Microsoft.EntityFrameworkCore.SqlServer:6.0.7' with options: None
2022-08-05 00:21:52.658 +06:00 [ERR] Something went wrong in the GetCountry
System.InvalidOperationException: An error was generated for warning 'Microsoft.EntityFrameworkCore.Query.InvalidIncludePathError': Unable to find navigation 'Hotels' specified in string based include path 'Hotels'. This exception can be suppressed or logged by passing event ID 'CoreEventId.InvalidIncludePathError' to the 'ConfigureWarnings' method in 'DbContext.OnConfiguring' or 'AddDbContext'.
   at Microsoft.EntityFrameworkCore.Diagnostics.EventDefinition`2.Log[TLoggerCategory](IDiagnosticsLogger`1 logger, TParam1 arg1, TParam2 arg2)
   at Microsoft.EntityFrameworkCore.Diagnostics.CoreLoggerExtensions.InvalidIncludePathError(IDiagnosticsLogger`1 diagnostics, String navigationChain, String navigationName)
   at Microsoft.EntityFrameworkCore.Query.Internal.NavigationExpandingExpressionVisitor.ProcessInclude(NavigationExpansionExpression source, Expression expression, Boolean thenInclude, Boolean setLoaded)
   at Microsoft.EntityFrameworkCore.Query.Internal.NavigationExpandingExpressionVisitor.VisitMethodCall(MethodCallExpression methodCallExpression)
   at System.Linq.Expressions.MethodCallExpression.Accept(ExpressionVisitor visitor)
   at System.Linq.Expressions.ExpressionVisitor.Visit(Expression node)
   at Microsoft.EntityFrameworkCore.Query.Internal.NavigationExpandingExpressionVisitor.VisitMethodCall(MethodCallExpression methodCallExpression)
   at System.Linq.Expressions.MethodCallExpression.Accept(ExpressionVisitor visitor)
   at System.Linq.Expressions.ExpressionVisitor.Visit(Expression node)
   at Microsoft.EntityFrameworkCore.Query.Internal.NavigationExpandingExpressionVisitor.Expand(Expression query)
   at Microsoft.EntityFrameworkCore.Query.QueryTranslationPreprocessor.Process(Expression query)
   at Microsoft.EntityFrameworkCore.Query.QueryCompilationContext.CreateQueryExecutor[TResult](Expression query)
   at Microsoft.EntityFrameworkCore.Storage.Database.CompileQuery[TResult](Expression query, Boolean async)
   at Microsoft.EntityFrameworkCore.Query.Internal.QueryCompiler.CompileQueryCore[TResult](IDatabase database, Expression query, IModel model, Boolean async)
   at Microsoft.EntityFrameworkCore.Query.Internal.QueryCompiler.<>c__DisplayClass12_0`1.<ExecuteAsync>b__0()
   at Microsoft.EntityFrameworkCore.Query.Internal.CompiledQueryCache.GetOrAddQuery[TResult](Object cacheKey, Func`1 compiler)
   at Microsoft.EntityFrameworkCore.Query.Internal.QueryCompiler.ExecuteAsync[TResult](Expression query, CancellationToken cancellationToken)
   at Microsoft.EntityFrameworkCore.Query.Internal.EntityQueryProvider.ExecuteAsync[TResult](Expression expression, CancellationToken cancellationToken)
   at Microsoft.EntityFrameworkCore.EntityFrameworkQueryableExtensions.ExecuteAsync[TSource,TResult](MethodInfo operatorMethodInfo, IQueryable`1 source, Expression expression, CancellationToken cancellationToken)
   at Microsoft.EntityFrameworkCore.EntityFrameworkQueryableExtensions.ExecuteAsync[TSource,TResult](MethodInfo operatorMethodInfo, IQueryable`1 source, LambdaExpression expression, CancellationToken cancellationToken)
   at Microsoft.EntityFrameworkCore.EntityFrameworkQueryableExtensions.FirstOrDefaultAsync[TSource](IQueryable`1 source, Expression`1 predicate, CancellationToken cancellationToken)
   at HotelListing.Repository.GenericRepository`1.Get(Expression`1 expression, List`1 includes) in G:\ASPDotNetWebAPI\HotelListing\HotelListing\Repository\GenericRepository.cs:line 0
   at HotelListing.Controllers.CountryController.GetCountry(Int32 id) in G:\ASPDotNetWebAPI\HotelListing\HotelListing\Controllers\CountryController.cs:line 46
2022-08-05 00:21:52.703 +06:00 [INF] Executing ObjectResult, writing value of type 'System.String'.
2022-08-05 00:21:52.712 +06:00 [INF] Executed action HotelListing.Controllers.CountryController.GetCountry (HotelListing) in 1566.2166ms
2022-08-05 00:21:52.713 +06:00 [INF] Executed endpoint 'HotelListing.Controllers.CountryController.GetCountry (HotelListing)'
2022-08-05 00:21:52.719 +06:00 [INF] Request finished HTTP/2 GET https://localhost:7073/api/Country/1 - - - 500 - text/plain;+charset=utf-8 1628.6201ms
2022-08-05 00:22:09.983 +06:00 [INF] Request starting HTTP/2 GET https://localhost:7073/api/Country - -
2022-08-05 00:22:09.983 +06:00 [INF] Executing endpoint 'HotelListing.Controllers.CountryController.GetCountries (HotelListing)'
2022-08-05 00:22:09.989 +06:00 [INF] Route matched with {action = "GetCountries", controller = "Country"}. Executing controller action with signature System.Threading.Tasks.Task`1[Microsoft.AspNetCore.Mvc.ActionResult] GetCountries() on controller HotelListing.Controllers.CountryController (HotelListing).
2022-08-05 00:22:10.054 +06:00 [INF] Entity Framework Core 6.0.7 initialized 'DatabaseContext' using provider 'Microsoft.EntityFrameworkCore.SqlServer:6.0.7' with options: None
2022-08-05 00:22:11.040 +06:00 [INF] Executed DbCommand (57ms) [Parameters=[], CommandType='"Text"', CommandTimeout='30']
SELECT [c].[Id], [c].[Name], [c].[ShortName]
FROM [Countries] AS [c]
2022-08-05 00:22:11.103 +06:00 [INF] Executing OkObjectResult, writing value of type 'System.Collections.Generic.List`1[[HotelListing.Models.CountryDTO, HotelListing, Version=1.0.0.0, Culture=neutral, PublicKeyToken=null]]'.
2022-08-05 00:22:11.313 +06:00 [INF] Executed action HotelListing.Controllers.CountryController.GetCountries (HotelListing) in 1324.1025ms
2022-08-05 00:22:11.314 +06:00 [INF] Executed endpoint 'HotelListing.Controllers.CountryController.GetCountries (HotelListing)'
2022-08-05 00:22:11.316 +06:00 [INF] Request finished HTTP/2 GET https://localhost:7073/api/Country - - - 200 178 application/json;+charset=utf-8 1333.1019ms
