2022-08-03 00:47:10.815 +06:00 [INF] Entity Framework Core 6.0.7 initialized 'DatabaseContext' using provider 'Microsoft.EntityFrameworkCore.SqlServer:6.0.7' with options: None
2022-08-03 00:47:13.247 +06:00 [INF] Executed DbCommand (1,570ms) [Parameters=[], CommandType='"Text"', CommandTimeout='60']
CREATE DATABASE [HotelListting_db];
2022-08-03 00:47:13.484 +06:00 [INF] Executed DbCommand (232ms) [Parameters=[], CommandType='"Text"', CommandTimeout='60']
IF SERVERPROPERTY('EngineEdition') <> 5
BEGIN
    ALTER DATABASE [HotelListting_db] SET READ_COMMITTED_SNAPSHOT ON;
END;
2022-08-03 00:47:13.510 +06:00 [INF] Executed DbCommand (11ms) [Parameters=[], CommandType='"Text"', CommandTimeout='30']
SELECT 1
2022-08-03 00:47:13.680 +06:00 [INF] Executed DbCommand (21ms) [Parameters=[], CommandType='"Text"', CommandTimeout='30']
CREATE TABLE [__EFMigrationsHistory] (
    [MigrationId] nvarchar(150) NOT NULL,
    [ProductVersion] nvarchar(32) NOT NULL,
    CONSTRAINT [PK___EFMigrationsHistory] PRIMARY KEY ([MigrationId])
);
2022-08-03 00:47:13.683 +06:00 [INF] Executed DbCommand (0ms) [Parameters=[], CommandType='"Text"', CommandTimeout='30']
SELECT 1
2022-08-03 00:47:13.713 +06:00 [INF] Executed DbCommand (22ms) [Parameters=[], CommandType='"Text"', CommandTimeout='30']
SELECT OBJECT_ID(N'[__EFMigrationsHistory]');
2022-08-03 00:47:13.735 +06:00 [INF] Executed DbCommand (19ms) [Parameters=[], CommandType='"Text"', CommandTimeout='30']
SELECT [MigrationId], [ProductVersion]
FROM [__EFMigrationsHistory]
ORDER BY [MigrationId];
2022-08-03 00:47:13.766 +06:00 [INF] Applying migration '20220802175628_DatabaseCreated'.
2022-08-03 00:47:13.828 +06:00 [INF] Executed DbCommand (7ms) [Parameters=[], CommandType='"Text"', CommandTimeout='30']
CREATE TABLE [Countries] (
    [Id] int NOT NULL IDENTITY,
    [Name] nvarchar(max) NULL,
    [ShortName] nvarchar(max) NULL,
    CONSTRAINT [PK_Countries] PRIMARY KEY ([Id])
);
2022-08-03 00:47:13.833 +06:00 [INF] Executed DbCommand (5ms) [Parameters=[], CommandType='"Text"', CommandTimeout='30']
CREATE TABLE [Hotels] (
    [Id] int NOT NULL IDENTITY,
    [Name] nvarchar(max) NULL,
    [Address] nvarchar(max) NULL,
    [Rating] float NOT NULL,
    [CountryId] int NOT NULL,
    CONSTRAINT [PK_Hotels] PRIMARY KEY ([Id]),
    CONSTRAINT [FK_Hotels_Countries_CountryId] FOREIGN KEY ([CountryId]) REFERENCES [Countries] ([Id]) ON DELETE CASCADE
);
2022-08-03 00:47:13.840 +06:00 [INF] Executed DbCommand (6ms) [Parameters=[], CommandType='"Text"', CommandTimeout='30']
CREATE INDEX [IX_Hotels_CountryId] ON [Hotels] ([CountryId]);
2022-08-03 00:47:13.852 +06:00 [INF] Executed DbCommand (12ms) [Parameters=[], CommandType='"Text"', CommandTimeout='30']
INSERT INTO [__EFMigrationsHistory] ([MigrationId], [ProductVersion])
VALUES (N'20220802175628_DatabaseCreated', N'6.0.7');
2022-08-03 21:48:52.404 +06:00 [INF] Entity Framework Core 6.0.7 initialized 'DatabaseContext' using provider 'Microsoft.EntityFrameworkCore.SqlServer:6.0.7' with options: None
2022-08-03 21:49:05.354 +06:00 [INF] Entity Framework Core 6.0.7 initialized 'DatabaseContext' using provider 'Microsoft.EntityFrameworkCore.SqlServer:6.0.7' with options: None
2022-08-03 21:49:07.325 +06:00 [INF] Executed DbCommand (154ms) [Parameters=[], CommandType='"Text"', CommandTimeout='30']
SELECT 1
2022-08-03 21:49:07.548 +06:00 [INF] Executed DbCommand (202ms) [Parameters=[], CommandType='"Text"', CommandTimeout='30']
SELECT OBJECT_ID(N'[__EFMigrationsHistory]');
2022-08-03 21:49:07.553 +06:00 [INF] Executed DbCommand (2ms) [Parameters=[], CommandType='"Text"', CommandTimeout='30']
SELECT 1
2022-08-03 21:49:07.554 +06:00 [INF] Executed DbCommand (0ms) [Parameters=[], CommandType='"Text"', CommandTimeout='30']
SELECT OBJECT_ID(N'[__EFMigrationsHistory]');
2022-08-03 21:49:07.644 +06:00 [INF] Executed DbCommand (53ms) [Parameters=[], CommandType='"Text"', CommandTimeout='30']
SELECT [MigrationId], [ProductVersion]
FROM [__EFMigrationsHistory]
ORDER BY [MigrationId];
2022-08-03 21:49:07.669 +06:00 [INF] Applying migration '20220803154852_SeedData'.
2022-08-03 21:49:08.534 +06:00 [INF] Executed DbCommand (781ms) [Parameters=[], CommandType='"Text"', CommandTimeout='30']
IF EXISTS (SELECT * FROM [sys].[identity_columns] WHERE [name] IN (N'Id', N'Name', N'ShortName') AND [object_id] = OBJECT_ID(N'[Countries]'))
    SET IDENTITY_INSERT [Countries] ON;
INSERT INTO [Countries] ([Id], [Name], [ShortName])
VALUES (1, N'Jamaica', N'JM');
IF EXISTS (SELECT * FROM [sys].[identity_columns] WHERE [name] IN (N'Id', N'Name', N'ShortName') AND [object_id] = OBJECT_ID(N'[Countries]'))
    SET IDENTITY_INSERT [Countries] OFF;
2022-08-03 21:49:08.551 +06:00 [INF] Executed DbCommand (16ms) [Parameters=[], CommandType='"Text"', CommandTimeout='30']
IF EXISTS (SELECT * FROM [sys].[identity_columns] WHERE [name] IN (N'Id', N'Name', N'ShortName') AND [object_id] = OBJECT_ID(N'[Countries]'))
    SET IDENTITY_INSERT [Countries] ON;
INSERT INTO [Countries] ([Id], [Name], [ShortName])
VALUES (2, N'Bahamas', N'BS');
IF EXISTS (SELECT * FROM [sys].[identity_columns] WHERE [name] IN (N'Id', N'Name', N'ShortName') AND [object_id] = OBJECT_ID(N'[Countries]'))
    SET IDENTITY_INSERT [Countries] OFF;
2022-08-03 21:49:08.569 +06:00 [INF] Executed DbCommand (18ms) [Parameters=[], CommandType='"Text"', CommandTimeout='30']
IF EXISTS (SELECT * FROM [sys].[identity_columns] WHERE [name] IN (N'Id', N'Name', N'ShortName') AND [object_id] = OBJECT_ID(N'[Countries]'))
    SET IDENTITY_INSERT [Countries] ON;
INSERT INTO [Countries] ([Id], [Name], [ShortName])
VALUES (3, N'Cayman Island', N'CI');
IF EXISTS (SELECT * FROM [sys].[identity_columns] WHERE [name] IN (N'Id', N'Name', N'ShortName') AND [object_id] = OBJECT_ID(N'[Countries]'))
    SET IDENTITY_INSERT [Countries] OFF;
2022-08-03 21:49:08.664 +06:00 [INF] Executed DbCommand (95ms) [Parameters=[], CommandType='"Text"', CommandTimeout='30']
IF EXISTS (SELECT * FROM [sys].[identity_columns] WHERE [name] IN (N'Id', N'Address', N'CountryId', N'Name', N'Rating') AND [object_id] = OBJECT_ID(N'[Hotels]'))
    SET IDENTITY_INSERT [Hotels] ON;
INSERT INTO [Hotels] ([Id], [Address], [CountryId], [Name], [Rating])
VALUES (1, N'Negril', 1, N'Sandals Resort and spa', 4.5E0);
IF EXISTS (SELECT * FROM [sys].[identity_columns] WHERE [name] IN (N'Id', N'Address', N'CountryId', N'Name', N'Rating') AND [object_id] = OBJECT_ID(N'[Hotels]'))
    SET IDENTITY_INSERT [Hotels] OFF;
2022-08-03 21:49:08.682 +06:00 [INF] Executed DbCommand (18ms) [Parameters=[], CommandType='"Text"', CommandTimeout='30']
IF EXISTS (SELECT * FROM [sys].[identity_columns] WHERE [name] IN (N'Id', N'Address', N'CountryId', N'Name', N'Rating') AND [object_id] = OBJECT_ID(N'[Hotels]'))
    SET IDENTITY_INSERT [Hotels] ON;
INSERT INTO [Hotels] ([Id], [Address], [CountryId], [Name], [Rating])
VALUES (2, N'George Town', 3, N'Comfort Suites', 4.5E0);
IF EXISTS (SELECT * FROM [sys].[identity_columns] WHERE [name] IN (N'Id', N'Address', N'CountryId', N'Name', N'Rating') AND [object_id] = OBJECT_ID(N'[Hotels]'))
    SET IDENTITY_INSERT [Hotels] OFF;
2022-08-03 21:49:08.697 +06:00 [INF] Executed DbCommand (14ms) [Parameters=[], CommandType='"Text"', CommandTimeout='30']
IF EXISTS (SELECT * FROM [sys].[identity_columns] WHERE [name] IN (N'Id', N'Address', N'CountryId', N'Name', N'Rating') AND [object_id] = OBJECT_ID(N'[Hotels]'))
    SET IDENTITY_INSERT [Hotels] ON;
INSERT INTO [Hotels] ([Id], [Address], [CountryId], [Name], [Rating])
VALUES (3, N'Nassua', 2, N'Grand Palldium', 4.0E0);
IF EXISTS (SELECT * FROM [sys].[identity_columns] WHERE [name] IN (N'Id', N'Address', N'CountryId', N'Name', N'Rating') AND [object_id] = OBJECT_ID(N'[Hotels]'))
    SET IDENTITY_INSERT [Hotels] OFF;
2022-08-03 21:49:08.699 +06:00 [INF] Executed DbCommand (2ms) [Parameters=[], CommandType='"Text"', CommandTimeout='30']
INSERT INTO [__EFMigrationsHistory] ([MigrationId], [ProductVersion])
VALUES (N'20220803154852_SeedData', N'6.0.7');
