2022-08-08 00:02:37.491 +06:00 [INF] Request starting HTTP/2 GET https://localhost:7073/api/Country/1 - -
2022-08-08 00:02:37.518 +06:00 [INF] Executing endpoint 'HotelListing.Controllers.CountryController.GetCountry (HotelListing)'
2022-08-08 00:02:37.518 +06:00 [INF] Route matched with {action = "GetCountry", controller = "Country"}. Executing controller action with signature System.Threading.Tasks.Task`1[Microsoft.AspNetCore.Mvc.ActionResult] GetCountry(Int32) on controller HotelListing.Controllers.CountryController (HotelListing).
2022-08-08 00:02:37.536 +06:00 [INF] Entity Framework Core 6.0.7 initialized 'DatabaseContext' using provider 'Microsoft.EntityFrameworkCore.SqlServer:6.0.7' with options: None
2022-08-08 00:02:37.538 +06:00 [ERR] Something went wrong in the GetCountry
System.InvalidOperationException: An error was generated for warning 'Microsoft.EntityFrameworkCore.Query.InvalidIncludePathError': Unable to find navigation 'Hotels' specified in string based include path 'Hotels'. This exception can be suppressed or logged by passing event ID 'CoreEventId.InvalidIncludePathError' to the 'ConfigureWarnings' method in 'DbContext.OnConfiguring' or 'AddDbContext'.
   at Microsoft.EntityFrameworkCore.Diagnostics.EventDefinition`2.Log[TLoggerCategory](IDiagnosticsLogger`1 logger, TParam1 arg1, TParam2 arg2)
   at Microsoft.EntityFrameworkCore.Diagnostics.CoreLoggerExtensions.InvalidIncludePathError(IDiagnosticsLogger`1 diagnostics, String navigationChain, String navigationName)
   at Microsoft.EntityFrameworkCore.Query.Internal.NavigationExpandingExpressionVisitor.ProcessInclude(NavigationExpansionExpression source, Expression expression, Boolean thenInclude, Boolean setLoaded)
   at Microsoft.EntityFrameworkCore.Query.Internal.NavigationExpandingExpressionVisitor.VisitMethodCall(MethodCallExpression methodCallExpression)
   at Microsoft.EntityFrameworkCore.Query.Internal.NavigationExpandingExpressionVisitor.VisitMethodCall(MethodCallExpression methodCallExpression)
   at Microsoft.EntityFrameworkCore.Query.Internal.NavigationExpandingExpressionVisitor.Expand(Expression query)
   at Microsoft.EntityFrameworkCore.Query.QueryTranslationPreprocessor.Process(Expression query)
   at Microsoft.EntityFrameworkCore.Query.QueryCompilationContext.CreateQueryExecutor[TResult](Expression query)
   at Microsoft.EntityFrameworkCore.Storage.Database.CompileQuery[TResult](Expression query, Boolean async)
   at Microsoft.EntityFrameworkCore.Query.Internal.QueryCompiler.CompileQueryCore[TResult](IDatabase database, Expression query, IModel model, Boolean async)
   at Microsoft.EntityFrameworkCore.Query.Internal.QueryCompiler.<>c__DisplayClass12_0`1.<ExecuteAsync>b__0()
   at Microsoft.EntityFrameworkCore.Query.Internal.CompiledQueryCache.GetOrAddQuery[TResult](Object cacheKey, Func`1 compiler)
   at Microsoft.EntityFrameworkCore.Query.Internal.QueryCompiler.ExecuteAsync[TResult](Expression query, CancellationToken cancellationToken)
   at Microsoft.EntityFrameworkCore.Query.Internal.EntityQueryProvider.ExecuteAsync[TResult](Expression expression, CancellationToken cancellationToken)
   at Microsoft.EntityFrameworkCore.EntityFrameworkQueryableExtensions.ExecuteAsync[TSource,TResult](MethodInfo operatorMethodInfo, IQueryable`1 source, Expression expression, CancellationToken cancellationToken)
   at Microsoft.EntityFrameworkCore.EntityFrameworkQueryableExtensions.ExecuteAsync[TSource,TResult](MethodInfo operatorMethodInfo, IQueryable`1 source, LambdaExpression expression, CancellationToken cancellationToken)
   at Microsoft.EntityFrameworkCore.EntityFrameworkQueryableExtensions.FirstOrDefaultAsync[TSource](IQueryable`1 source, Expression`1 predicate, CancellationToken cancellationToken)
   at HotelListing.Repository.GenericRepository`1.Get(Expression`1 expression, List`1 includes) in G:\ASPDotNetWebAPI\HotelListing\HotelListing\Repository\GenericRepository.cs:line 0
   at HotelListing.Controllers.CountryController.GetCountry(Int32 id) in G:\ASPDotNetWebAPI\HotelListing\HotelListing\Controllers\CountryController.cs:line 46
2022-08-08 00:02:37.539 +06:00 [INF] Executing ObjectResult, writing value of type 'System.String'.
2022-08-08 00:02:37.539 +06:00 [INF] Executed action HotelListing.Controllers.CountryController.GetCountry (HotelListing) in 21.0142ms
2022-08-08 00:02:37.539 +06:00 [INF] Executed endpoint 'HotelListing.Controllers.CountryController.GetCountry (HotelListing)'
2022-08-08 00:02:37.540 +06:00 [INF] Request finished HTTP/2 GET https://localhost:7073/api/Country/1 - - - 500 - text/plain;+charset=utf-8 48.3038ms
2022-08-08 00:02:54.181 +06:00 [INF] Now listening on: https://localhost:7073
2022-08-08 00:02:54.221 +06:00 [INF] Now listening on: http://localhost:5073
2022-08-08 00:02:54.226 +06:00 [INF] Application started. Press Ctrl+C to shut down.
2022-08-08 00:02:54.226 +06:00 [INF] Hosting environment: Development
2022-08-08 00:02:54.226 +06:00 [INF] Content root path: G:\ASPDotNetWebAPI\HotelListing\HotelListing\
2022-08-08 00:02:54.647 +06:00 [INF] Request starting HTTP/2 GET https://localhost:7073/swagger/index.html - -
2022-08-08 00:02:54.980 +06:00 [INF] Request starting HTTP/2 GET https://localhost:7073/_framework/aspnetcore-browser-refresh.js - -
2022-08-08 00:02:54.982 +06:00 [INF] Request finished HTTP/2 GET https://localhost:7073/swagger/index.html - - - 200 - text/html;charset=utf-8 342.1223ms
2022-08-08 00:02:54.986 +06:00 [INF] Request finished HTTP/2 GET https://localhost:7073/_framework/aspnetcore-browser-refresh.js - - - 200 11981 application/javascript;+charset=utf-8 6.0822ms
2022-08-08 00:02:55.702 +06:00 [INF] Request starting HTTP/2 GET https://localhost:7073/swagger/v1/swagger.json - -
2022-08-08 00:02:55.849 +06:00 [INF] Request finished HTTP/2 GET https://localhost:7073/swagger/v1/swagger.json - - - 200 - application/json;charset=utf-8 146.9786ms
2022-08-08 00:03:12.071 +06:00 [INF] Request starting HTTP/2 GET https://localhost:7073/api/Country/1 - -
2022-08-08 00:03:12.079 +06:00 [INF] Executing endpoint 'HotelListing.Controllers.CountryController.GetCountry (HotelListing)'
2022-08-08 00:03:12.116 +06:00 [INF] Route matched with {action = "GetCountry", controller = "Country"}. Executing controller action with signature System.Threading.Tasks.Task`1[Microsoft.AspNetCore.Mvc.ActionResult] GetCountry(Int32) on controller HotelListing.Controllers.CountryController (HotelListing).
2022-08-08 00:03:13.456 +06:00 [INF] Entity Framework Core 6.0.7 initialized 'DatabaseContext' using provider 'Microsoft.EntityFrameworkCore.SqlServer:6.0.7' with options: None
2022-08-08 00:03:13.604 +06:00 [ERR] Something went wrong in the GetCountry
System.InvalidOperationException: An error was generated for warning 'Microsoft.EntityFrameworkCore.Query.InvalidIncludePathError': Unable to find navigation 'Hotels' specified in string based include path 'Hotels'. This exception can be suppressed or logged by passing event ID 'CoreEventId.InvalidIncludePathError' to the 'ConfigureWarnings' method in 'DbContext.OnConfiguring' or 'AddDbContext'.
   at Microsoft.EntityFrameworkCore.Diagnostics.EventDefinition`2.Log[TLoggerCategory](IDiagnosticsLogger`1 logger, TParam1 arg1, TParam2 arg2)
   at Microsoft.EntityFrameworkCore.Diagnostics.CoreLoggerExtensions.InvalidIncludePathError(IDiagnosticsLogger`1 diagnostics, String navigationChain, String navigationName)
   at Microsoft.EntityFrameworkCore.Query.Internal.NavigationExpandingExpressionVisitor.ProcessInclude(NavigationExpansionExpression source, Expression expression, Boolean thenInclude, Boolean setLoaded)
   at Microsoft.EntityFrameworkCore.Query.Internal.NavigationExpandingExpressionVisitor.VisitMethodCall(MethodCallExpression methodCallExpression)
   at System.Linq.Expressions.MethodCallExpression.Accept(ExpressionVisitor visitor)
   at System.Linq.Expressions.ExpressionVisitor.Visit(Expression node)
   at Microsoft.EntityFrameworkCore.Query.Internal.NavigationExpandingExpressionVisitor.VisitMethodCall(MethodCallExpression methodCallExpression)
   at System.Linq.Expressions.MethodCallExpression.Accept(ExpressionVisitor visitor)
   at System.Linq.Expressions.ExpressionVisitor.Visit(Expression node)
   at Microsoft.EntityFrameworkCore.Query.Internal.NavigationExpandingExpressionVisitor.Expand(Expression query)
   at Microsoft.EntityFrameworkCore.Query.QueryTranslationPreprocessor.Process(Expression query)
   at Microsoft.EntityFrameworkCore.Query.QueryCompilationContext.CreateQueryExecutor[TResult](Expression query)
   at Microsoft.EntityFrameworkCore.Storage.Database.CompileQuery[TResult](Expression query, Boolean async)
   at Microsoft.EntityFrameworkCore.Query.Internal.QueryCompiler.CompileQueryCore[TResult](IDatabase database, Expression query, IModel model, Boolean async)
   at Microsoft.EntityFrameworkCore.Query.Internal.QueryCompiler.<>c__DisplayClass12_0`1.<ExecuteAsync>b__0()
   at Microsoft.EntityFrameworkCore.Query.Internal.CompiledQueryCache.GetOrAddQuery[TResult](Object cacheKey, Func`1 compiler)
   at Microsoft.EntityFrameworkCore.Query.Internal.QueryCompiler.ExecuteAsync[TResult](Expression query, CancellationToken cancellationToken)
   at Microsoft.EntityFrameworkCore.Query.Internal.EntityQueryProvider.ExecuteAsync[TResult](Expression expression, CancellationToken cancellationToken)
   at Microsoft.EntityFrameworkCore.EntityFrameworkQueryableExtensions.ExecuteAsync[TSource,TResult](MethodInfo operatorMethodInfo, IQueryable`1 source, Expression expression, CancellationToken cancellationToken)
   at Microsoft.EntityFrameworkCore.EntityFrameworkQueryableExtensions.ExecuteAsync[TSource,TResult](MethodInfo operatorMethodInfo, IQueryable`1 source, LambdaExpression expression, CancellationToken cancellationToken)
   at Microsoft.EntityFrameworkCore.EntityFrameworkQueryableExtensions.FirstOrDefaultAsync[TSource](IQueryable`1 source, Expression`1 predicate, CancellationToken cancellationToken)
   at HotelListing.Repository.GenericRepository`1.Get(Expression`1 expression, List`1 includes) in G:\ASPDotNetWebAPI\HotelListing\HotelListing\Repository\GenericRepository.cs:line 0
   at HotelListing.Controllers.CountryController.GetCountry(Int32 id) in G:\ASPDotNetWebAPI\HotelListing\HotelListing\Controllers\CountryController.cs:line 46
2022-08-08 00:03:13.635 +06:00 [INF] Executing ObjectResult, writing value of type 'System.String'.
2022-08-08 00:03:13.644 +06:00 [INF] Executed action HotelListing.Controllers.CountryController.GetCountry (HotelListing) in 1519.0935ms
2022-08-08 00:03:13.645 +06:00 [INF] Executed endpoint 'HotelListing.Controllers.CountryController.GetCountry (HotelListing)'
2022-08-08 00:03:13.651 +06:00 [INF] Request finished HTTP/2 GET https://localhost:7073/api/Country/1 - - - 500 - text/plain;+charset=utf-8 1579.8690ms
2022-08-08 00:06:21.900 +06:00 [INF] Now listening on: https://localhost:7073
2022-08-08 00:06:21.977 +06:00 [INF] Now listening on: http://localhost:5073
2022-08-08 00:06:21.983 +06:00 [INF] Application started. Press Ctrl+C to shut down.
2022-08-08 00:06:21.983 +06:00 [INF] Hosting environment: Development
2022-08-08 00:06:21.983 +06:00 [INF] Content root path: G:\ASPDotNetWebAPI\HotelListing\HotelListing\
2022-08-08 00:06:23.202 +06:00 [INF] Request starting HTTP/2 GET https://localhost:7073/swagger/index.html - -
2022-08-08 00:06:24.427 +06:00 [INF] Request starting HTTP/2 GET https://localhost:7073/_framework/aspnetcore-browser-refresh.js - -
2022-08-08 00:06:24.434 +06:00 [INF] Request finished HTTP/2 GET https://localhost:7073/swagger/index.html - - - 200 - text/html;charset=utf-8 1237.0966ms
2022-08-08 00:06:24.436 +06:00 [INF] Request finished HTTP/2 GET https://localhost:7073/_framework/aspnetcore-browser-refresh.js - - - 200 11981 application/javascript;+charset=utf-8 9.4469ms
2022-08-08 00:06:25.145 +06:00 [INF] Request starting HTTP/2 GET https://localhost:7073/swagger/v1/swagger.json - -
2022-08-08 00:06:25.410 +06:00 [INF] Request finished HTTP/2 GET https://localhost:7073/swagger/v1/swagger.json - - - 200 - application/json;charset=utf-8 264.6388ms
2022-08-08 00:06:36.699 +06:00 [INF] Request starting HTTP/2 GET https://localhost:7073/api/Country/1 - -
2022-08-08 00:06:36.719 +06:00 [INF] Executing endpoint 'HotelListing.Controllers.CountryController.GetCountry (HotelListing)'
2022-08-08 00:06:36.796 +06:00 [INF] Route matched with {action = "GetCountry", controller = "Country"}. Executing controller action with signature System.Threading.Tasks.Task`1[Microsoft.AspNetCore.Mvc.ActionResult] GetCountry(Int32) on controller HotelListing.Controllers.CountryController (HotelListing).
2022-08-08 00:07:05.960 +06:00 [INF] Entity Framework Core 6.0.7 initialized 'DatabaseContext' using provider 'Microsoft.EntityFrameworkCore.SqlServer:6.0.7' with options: None
2022-08-08 00:55:44.148 +06:00 [INF] Now listening on: https://localhost:7073
2022-08-08 00:55:44.205 +06:00 [INF] Now listening on: http://localhost:5073
2022-08-08 00:55:44.212 +06:00 [INF] Application started. Press Ctrl+C to shut down.
2022-08-08 00:55:44.213 +06:00 [INF] Hosting environment: Development
2022-08-08 00:55:44.213 +06:00 [INF] Content root path: G:\ASPDotNetWebAPI\HotelListing\HotelListing\
2022-08-08 00:55:45.294 +06:00 [INF] Request starting HTTP/2 GET https://localhost:7073/swagger/index.html - -
2022-08-08 00:55:45.924 +06:00 [INF] Request finished HTTP/2 GET https://localhost:7073/swagger/index.html - - - 200 - text/html;charset=utf-8 636.8652ms
2022-08-08 00:55:46.060 +06:00 [INF] Request starting HTTP/2 GET https://localhost:7073/_framework/aspnetcore-browser-refresh.js - -
2022-08-08 00:55:46.068 +06:00 [INF] Request finished HTTP/2 GET https://localhost:7073/_framework/aspnetcore-browser-refresh.js - - - 200 11981 application/javascript;+charset=utf-8 7.8210ms
2022-08-08 00:55:46.894 +06:00 [INF] Request starting HTTP/2 GET https://localhost:7073/swagger/v1/swagger.json - -
2022-08-08 00:55:47.147 +06:00 [INF] Request finished HTTP/2 GET https://localhost:7073/swagger/v1/swagger.json - - - 200 - application/json;charset=utf-8 253.1283ms
2022-08-08 00:55:49.502 +06:00 [INF] Request starting HTTP/1.1 GET https://localhost:7073/api/Country/1 application/json 46
2022-08-08 00:55:49.515 +06:00 [INF] Executing endpoint 'HotelListing.Controllers.CountryController.GetCountry (HotelListing)'
2022-08-08 00:55:49.597 +06:00 [INF] Route matched with {action = "GetCountry", controller = "Country"}. Executing controller action with signature System.Threading.Tasks.Task`1[Microsoft.AspNetCore.Mvc.ActionResult] GetCountry(Int32) on controller HotelListing.Controllers.CountryController (HotelListing).
2022-08-08 00:55:51.670 +06:00 [INF] Entity Framework Core 6.0.7 initialized 'DatabaseContext' using provider 'Microsoft.EntityFrameworkCore.SqlServer:6.0.7' with options: None
2022-08-08 00:55:52.249 +06:00 [ERR] Something went wrong in the GetCountry
System.InvalidOperationException: An error was generated for warning 'Microsoft.EntityFrameworkCore.Query.InvalidIncludePathError': Unable to find navigation 'Hotels' specified in string based include path 'Hotels'. This exception can be suppressed or logged by passing event ID 'CoreEventId.InvalidIncludePathError' to the 'ConfigureWarnings' method in 'DbContext.OnConfiguring' or 'AddDbContext'.
   at Microsoft.EntityFrameworkCore.Diagnostics.EventDefinition`2.Log[TLoggerCategory](IDiagnosticsLogger`1 logger, TParam1 arg1, TParam2 arg2)
   at Microsoft.EntityFrameworkCore.Diagnostics.CoreLoggerExtensions.InvalidIncludePathError(IDiagnosticsLogger`1 diagnostics, String navigationChain, String navigationName)
   at Microsoft.EntityFrameworkCore.Query.Internal.NavigationExpandingExpressionVisitor.ProcessInclude(NavigationExpansionExpression source, Expression expression, Boolean thenInclude, Boolean setLoaded)
   at Microsoft.EntityFrameworkCore.Query.Internal.NavigationExpandingExpressionVisitor.VisitMethodCall(MethodCallExpression methodCallExpression)
   at System.Linq.Expressions.MethodCallExpression.Accept(ExpressionVisitor visitor)
   at System.Linq.Expressions.ExpressionVisitor.Visit(Expression node)
   at Microsoft.EntityFrameworkCore.Query.Internal.NavigationExpandingExpressionVisitor.VisitMethodCall(MethodCallExpression methodCallExpression)
   at System.Linq.Expressions.MethodCallExpression.Accept(ExpressionVisitor visitor)
   at System.Linq.Expressions.ExpressionVisitor.Visit(Expression node)
   at Microsoft.EntityFrameworkCore.Query.Internal.NavigationExpandingExpressionVisitor.Expand(Expression query)
   at Microsoft.EntityFrameworkCore.Query.QueryTranslationPreprocessor.Process(Expression query)
   at Microsoft.EntityFrameworkCore.Query.QueryCompilationContext.CreateQueryExecutor[TResult](Expression query)
   at Microsoft.EntityFrameworkCore.Storage.Database.CompileQuery[TResult](Expression query, Boolean async)
   at Microsoft.EntityFrameworkCore.Query.Internal.QueryCompiler.CompileQueryCore[TResult](IDatabase database, Expression query, IModel model, Boolean async)
   at Microsoft.EntityFrameworkCore.Query.Internal.QueryCompiler.<>c__DisplayClass12_0`1.<ExecuteAsync>b__0()
   at Microsoft.EntityFrameworkCore.Query.Internal.CompiledQueryCache.GetOrAddQuery[TResult](Object cacheKey, Func`1 compiler)
   at Microsoft.EntityFrameworkCore.Query.Internal.QueryCompiler.ExecuteAsync[TResult](Expression query, CancellationToken cancellationToken)
   at Microsoft.EntityFrameworkCore.Query.Internal.EntityQueryProvider.ExecuteAsync[TResult](Expression expression, CancellationToken cancellationToken)
   at Microsoft.EntityFrameworkCore.EntityFrameworkQueryableExtensions.ExecuteAsync[TSource,TResult](MethodInfo operatorMethodInfo, IQueryable`1 source, Expression expression, CancellationToken cancellationToken)
   at Microsoft.EntityFrameworkCore.EntityFrameworkQueryableExtensions.ExecuteAsync[TSource,TResult](MethodInfo operatorMethodInfo, IQueryable`1 source, LambdaExpression expression, CancellationToken cancellationToken)
   at Microsoft.EntityFrameworkCore.EntityFrameworkQueryableExtensions.FirstOrDefaultAsync[TSource](IQueryable`1 source, Expression`1 predicate, CancellationToken cancellationToken)
   at HotelListing.Repository.GenericRepository`1.Get(Expression`1 expression, List`1 includes) in G:\ASPDotNetWebAPI\HotelListing\HotelListing\Repository\GenericRepository.cs:line 0
   at HotelListing.Controllers.CountryController.GetCountry(Int32 id) in G:\ASPDotNetWebAPI\HotelListing\HotelListing\Controllers\CountryController.cs:line 48
2022-08-08 00:55:52.453 +06:00 [INF] Executing ObjectResult, writing value of type 'System.String'.
2022-08-08 00:55:52.471 +06:00 [INF] Executed action HotelListing.Controllers.CountryController.GetCountry (HotelListing) in 2859.3508ms
2022-08-08 00:55:52.474 +06:00 [INF] Executed endpoint 'HotelListing.Controllers.CountryController.GetCountry (HotelListing)'
2022-08-08 00:55:52.484 +06:00 [INF] Request finished HTTP/1.1 GET https://localhost:7073/api/Country/1 application/json 46 - 500 - text/plain;+charset=utf-8 2981.9549ms
2022-08-08 00:56:00.189 +06:00 [INF] Request starting HTTP/1.1 GET https://localhost:7073/api/Country application/json 46
2022-08-08 00:56:00.190 +06:00 [INF] Executing endpoint 'HotelListing.Controllers.CountryController.GetCountries (HotelListing)'
2022-08-08 00:56:00.196 +06:00 [INF] Route matched with {action = "GetCountries", controller = "Country"}. Executing controller action with signature System.Threading.Tasks.Task`1[Microsoft.AspNetCore.Mvc.ActionResult] GetCountries() on controller HotelListing.Controllers.CountryController (HotelListing).
2022-08-08 00:56:00.265 +06:00 [INF] Entity Framework Core 6.0.7 initialized 'DatabaseContext' using provider 'Microsoft.EntityFrameworkCore.SqlServer:6.0.7' with options: None
2022-08-08 00:56:02.608 +06:00 [INF] Executed DbCommand (135ms) [Parameters=[], CommandType='"Text"', CommandTimeout='30']
SELECT [c].[Id], [c].[Name], [c].[ShortName]
FROM [Countries] AS [c]
2022-08-08 00:56:02.745 +06:00 [INF] Executing OkObjectResult, writing value of type 'System.Collections.Generic.List`1[[HotelListing.Models.CountryDTO, HotelListing, Version=1.0.0.0, Culture=neutral, PublicKeyToken=null]]'.
2022-08-08 00:56:03.069 +06:00 [INF] Executed action HotelListing.Controllers.CountryController.GetCountries (HotelListing) in 2872.8398ms
2022-08-08 00:56:03.070 +06:00 [INF] Executed endpoint 'HotelListing.Controllers.CountryController.GetCountries (HotelListing)'
2022-08-08 00:56:03.073 +06:00 [INF] Request finished HTTP/1.1 GET https://localhost:7073/api/Country application/json 46 - 200 178 application/json;+charset=utf-8 2883.4027ms
2022-08-08 00:56:17.949 +06:00 [INF] Request starting HTTP/1.1 GET https://localhost:7073/api/Country/1 application/json 46
2022-08-08 00:56:17.952 +06:00 [INF] Executing endpoint 'HotelListing.Controllers.CountryController.GetCountry (HotelListing)'
2022-08-08 00:56:17.952 +06:00 [INF] Route matched with {action = "GetCountry", controller = "Country"}. Executing controller action with signature System.Threading.Tasks.Task`1[Microsoft.AspNetCore.Mvc.ActionResult] GetCountry(Int32) on controller HotelListing.Controllers.CountryController (HotelListing).
2022-08-08 00:56:17.971 +06:00 [INF] Entity Framework Core 6.0.7 initialized 'DatabaseContext' using provider 'Microsoft.EntityFrameworkCore.SqlServer:6.0.7' with options: None
2022-08-08 00:56:18.083 +06:00 [ERR] Something went wrong in the GetCountry
System.InvalidOperationException: An error was generated for warning 'Microsoft.EntityFrameworkCore.Query.InvalidIncludePathError': Unable to find navigation 'Hotels' specified in string based include path 'Hotels'. This exception can be suppressed or logged by passing event ID 'CoreEventId.InvalidIncludePathError' to the 'ConfigureWarnings' method in 'DbContext.OnConfiguring' or 'AddDbContext'.
   at Microsoft.EntityFrameworkCore.Diagnostics.EventDefinition`2.Log[TLoggerCategory](IDiagnosticsLogger`1 logger, TParam1 arg1, TParam2 arg2)
   at Microsoft.EntityFrameworkCore.Diagnostics.CoreLoggerExtensions.InvalidIncludePathError(IDiagnosticsLogger`1 diagnostics, String navigationChain, String navigationName)
   at Microsoft.EntityFrameworkCore.Query.Internal.NavigationExpandingExpressionVisitor.ProcessInclude(NavigationExpansionExpression source, Expression expression, Boolean thenInclude, Boolean setLoaded)
   at Microsoft.EntityFrameworkCore.Query.Internal.NavigationExpandingExpressionVisitor.VisitMethodCall(MethodCallExpression methodCallExpression)
   at Microsoft.EntityFrameworkCore.Query.Internal.NavigationExpandingExpressionVisitor.VisitMethodCall(MethodCallExpression methodCallExpression)
   at Microsoft.EntityFrameworkCore.Query.Internal.NavigationExpandingExpressionVisitor.Expand(Expression query)
   at Microsoft.EntityFrameworkCore.Query.QueryTranslationPreprocessor.Process(Expression query)
   at Microsoft.EntityFrameworkCore.Query.QueryCompilationContext.CreateQueryExecutor[TResult](Expression query)
   at Microsoft.EntityFrameworkCore.Storage.Database.CompileQuery[TResult](Expression query, Boolean async)
   at Microsoft.EntityFrameworkCore.Query.Internal.QueryCompiler.CompileQueryCore[TResult](IDatabase database, Expression query, IModel model, Boolean async)
   at Microsoft.EntityFrameworkCore.Query.Internal.QueryCompiler.<>c__DisplayClass12_0`1.<ExecuteAsync>b__0()
   at Microsoft.EntityFrameworkCore.Query.Internal.CompiledQueryCache.GetOrAddQuery[TResult](Object cacheKey, Func`1 compiler)
   at Microsoft.EntityFrameworkCore.Query.Internal.QueryCompiler.ExecuteAsync[TResult](Expression query, CancellationToken cancellationToken)
   at Microsoft.EntityFrameworkCore.Query.Internal.EntityQueryProvider.ExecuteAsync[TResult](Expression expression, CancellationToken cancellationToken)
   at Microsoft.EntityFrameworkCore.EntityFrameworkQueryableExtensions.ExecuteAsync[TSource,TResult](MethodInfo operatorMethodInfo, IQueryable`1 source, Expression expression, CancellationToken cancellationToken)
   at Microsoft.EntityFrameworkCore.EntityFrameworkQueryableExtensions.ExecuteAsync[TSource,TResult](MethodInfo operatorMethodInfo, IQueryable`1 source, LambdaExpression expression, CancellationToken cancellationToken)
   at Microsoft.EntityFrameworkCore.EntityFrameworkQueryableExtensions.FirstOrDefaultAsync[TSource](IQueryable`1 source, Expression`1 predicate, CancellationToken cancellationToken)
   at HotelListing.Repository.GenericRepository`1.Get(Expression`1 expression, List`1 includes) in G:\ASPDotNetWebAPI\HotelListing\HotelListing\Repository\GenericRepository.cs:line 0
   at HotelListing.Controllers.CountryController.GetCountry(Int32 id) in G:\ASPDotNetWebAPI\HotelListing\HotelListing\Controllers\CountryController.cs:line 48
2022-08-08 00:56:18.084 +06:00 [INF] Executing ObjectResult, writing value of type 'System.String'.
2022-08-08 00:56:18.084 +06:00 [INF] Executed action HotelListing.Controllers.CountryController.GetCountry (HotelListing) in 131.565ms
2022-08-08 00:56:18.084 +06:00 [INF] Executed endpoint 'HotelListing.Controllers.CountryController.GetCountry (HotelListing)'
2022-08-08 00:56:18.084 +06:00 [INF] Request finished HTTP/1.1 GET https://localhost:7073/api/Country/1 application/json 46 - 500 - text/plain;+charset=utf-8 134.8094ms
2022-08-08 01:58:18.777 +06:00 [INF] Now listening on: https://localhost:7073
2022-08-08 01:58:18.856 +06:00 [INF] Now listening on: http://localhost:5073
2022-08-08 01:58:18.861 +06:00 [INF] Application started. Press Ctrl+C to shut down.
2022-08-08 01:58:18.861 +06:00 [INF] Hosting environment: Development
2022-08-08 01:58:18.861 +06:00 [INF] Content root path: G:\ASPDotNetWebAPI\HotelListing\HotelListing\
2022-08-08 01:58:19.827 +06:00 [INF] Request starting HTTP/2 GET https://localhost:7073/swagger/index.html - -
2022-08-08 01:58:20.286 +06:00 [INF] Request finished HTTP/2 GET https://localhost:7073/swagger/index.html - - - 200 - text/html;charset=utf-8 469.4734ms
2022-08-08 01:58:20.305 +06:00 [INF] Request starting HTTP/2 GET https://localhost:7073/_framework/aspnetcore-browser-refresh.js - -
2022-08-08 01:58:20.312 +06:00 [INF] Request finished HTTP/2 GET https://localhost:7073/_framework/aspnetcore-browser-refresh.js - - - 200 11981 application/javascript;+charset=utf-8 7.1388ms
2022-08-08 01:58:20.802 +06:00 [INF] Request starting HTTP/2 GET https://localhost:7073/swagger/v1/swagger.json - -
2022-08-08 01:58:21.012 +06:00 [INF] Request finished HTTP/2 GET https://localhost:7073/swagger/v1/swagger.json - - - 200 - application/json;charset=utf-8 210.2074ms
2022-08-08 01:58:30.152 +06:00 [INF] Request starting HTTP/2 GET https://localhost:7073/api/Country/1 - -
2022-08-08 01:58:30.164 +06:00 [INF] Executing endpoint 'HotelListing.Controllers.CountryController.GetCountry (HotelListing)'
2022-08-08 01:58:30.228 +06:00 [INF] Route matched with {action = "GetCountry", controller = "Country"}. Executing controller action with signature System.Threading.Tasks.Task`1[Microsoft.AspNetCore.Mvc.ActionResult] GetCountry(Int32) on controller HotelListing.Controllers.CountryController (HotelListing).
2022-08-08 01:58:31.931 +06:00 [INF] Entity Framework Core 6.0.7 initialized 'DatabaseContext' using provider 'Microsoft.EntityFrameworkCore.SqlServer:6.0.7' with options: None
2022-08-08 01:58:32.156 +06:00 [ERR] Something went wrong in the GetCountry
System.InvalidOperationException: An error was generated for warning 'Microsoft.EntityFrameworkCore.Query.InvalidIncludePathError': Unable to find navigation 'Hotels' specified in string based include path 'Hotels'. This exception can be suppressed or logged by passing event ID 'CoreEventId.InvalidIncludePathError' to the 'ConfigureWarnings' method in 'DbContext.OnConfiguring' or 'AddDbContext'.
   at Microsoft.EntityFrameworkCore.Diagnostics.EventDefinition`2.Log[TLoggerCategory](IDiagnosticsLogger`1 logger, TParam1 arg1, TParam2 arg2)
   at Microsoft.EntityFrameworkCore.Diagnostics.CoreLoggerExtensions.InvalidIncludePathError(IDiagnosticsLogger`1 diagnostics, String navigationChain, String navigationName)
   at Microsoft.EntityFrameworkCore.Query.Internal.NavigationExpandingExpressionVisitor.ProcessInclude(NavigationExpansionExpression source, Expression expression, Boolean thenInclude, Boolean setLoaded)
   at Microsoft.EntityFrameworkCore.Query.Internal.NavigationExpandingExpressionVisitor.VisitMethodCall(MethodCallExpression methodCallExpression)
   at System.Linq.Expressions.MethodCallExpression.Accept(ExpressionVisitor visitor)
   at System.Linq.Expressions.ExpressionVisitor.Visit(Expression node)
   at Microsoft.EntityFrameworkCore.Query.Internal.NavigationExpandingExpressionVisitor.VisitMethodCall(MethodCallExpression methodCallExpression)
   at System.Linq.Expressions.MethodCallExpression.Accept(ExpressionVisitor visitor)
   at System.Linq.Expressions.ExpressionVisitor.Visit(Expression node)
   at Microsoft.EntityFrameworkCore.Query.Internal.NavigationExpandingExpressionVisitor.Expand(Expression query)
   at Microsoft.EntityFrameworkCore.Query.QueryTranslationPreprocessor.Process(Expression query)
   at Microsoft.EntityFrameworkCore.Query.QueryCompilationContext.CreateQueryExecutor[TResult](Expression query)
   at Microsoft.EntityFrameworkCore.Storage.Database.CompileQuery[TResult](Expression query, Boolean async)
   at Microsoft.EntityFrameworkCore.Query.Internal.QueryCompiler.CompileQueryCore[TResult](IDatabase database, Expression query, IModel model, Boolean async)
   at Microsoft.EntityFrameworkCore.Query.Internal.QueryCompiler.<>c__DisplayClass12_0`1.<ExecuteAsync>b__0()
   at Microsoft.EntityFrameworkCore.Query.Internal.CompiledQueryCache.GetOrAddQuery[TResult](Object cacheKey, Func`1 compiler)
   at Microsoft.EntityFrameworkCore.Query.Internal.QueryCompiler.ExecuteAsync[TResult](Expression query, CancellationToken cancellationToken)
   at Microsoft.EntityFrameworkCore.Query.Internal.EntityQueryProvider.ExecuteAsync[TResult](Expression expression, CancellationToken cancellationToken)
   at Microsoft.EntityFrameworkCore.EntityFrameworkQueryableExtensions.ExecuteAsync[TSource,TResult](MethodInfo operatorMethodInfo, IQueryable`1 source, Expression expression, CancellationToken cancellationToken)
   at Microsoft.EntityFrameworkCore.EntityFrameworkQueryableExtensions.ExecuteAsync[TSource,TResult](MethodInfo operatorMethodInfo, IQueryable`1 source, LambdaExpression expression, CancellationToken cancellationToken)
   at Microsoft.EntityFrameworkCore.EntityFrameworkQueryableExtensions.FirstOrDefaultAsync[TSource](IQueryable`1 source, Expression`1 predicate, CancellationToken cancellationToken)
   at HotelListing.Repository.GenericRepository`1.Get(Expression`1 expression, List`1 includes) in G:\ASPDotNetWebAPI\HotelListing\HotelListing\Repository\GenericRepository.cs:line 0
   at HotelListing.Controllers.CountryController.GetCountry(Int32 id) in G:\ASPDotNetWebAPI\HotelListing\HotelListing\Controllers\CountryController.cs:line 48
2022-08-08 01:58:32.285 +06:00 [INF] Executing ObjectResult, writing value of type 'System.String'.
2022-08-08 01:58:32.295 +06:00 [INF] Executed action HotelListing.Controllers.CountryController.GetCountry (HotelListing) in 2058.9875ms
2022-08-08 01:58:32.296 +06:00 [INF] Executed endpoint 'HotelListing.Controllers.CountryController.GetCountry (HotelListing)'
2022-08-08 01:58:32.304 +06:00 [INF] Request finished HTTP/2 GET https://localhost:7073/api/Country/1 - - - 500 - text/plain;+charset=utf-8 2152.0558ms
2022-08-08 06:18:29.693 +06:00 [INF] Now listening on: https://localhost:7073
2022-08-08 06:18:29.793 +06:00 [INF] Now listening on: http://localhost:5073
2022-08-08 06:18:29.799 +06:00 [INF] Application started. Press Ctrl+C to shut down.
2022-08-08 06:18:29.799 +06:00 [INF] Hosting environment: Development
2022-08-08 06:18:29.799 +06:00 [INF] Content root path: G:\ASPDotNetWebAPI\HotelListing\HotelListing\
2022-08-08 06:18:31.372 +06:00 [INF] Request starting HTTP/2 GET https://localhost:7073/swagger/index.html - -
2022-08-08 06:18:31.994 +06:00 [INF] Request starting HTTP/2 GET https://localhost:7073/_framework/aspnetcore-browser-refresh.js - -
2022-08-08 06:18:31.996 +06:00 [INF] Request finished HTTP/2 GET https://localhost:7073/swagger/index.html - - - 200 - text/html;charset=utf-8 631.0918ms
2022-08-08 06:18:32.005 +06:00 [INF] Request finished HTTP/2 GET https://localhost:7073/_framework/aspnetcore-browser-refresh.js - - - 200 11981 application/javascript;+charset=utf-8 11.2596ms
2022-08-08 06:18:32.595 +06:00 [INF] Request starting HTTP/2 GET https://localhost:7073/swagger/v1/swagger.json - -
2022-08-08 06:18:32.789 +06:00 [INF] Request finished HTTP/2 GET https://localhost:7073/swagger/v1/swagger.json - - - 200 - application/json;charset=utf-8 193.6370ms
2022-08-08 06:18:40.730 +06:00 [INF] Request starting HTTP/2 GET https://localhost:7073/api/Country - -
2022-08-08 06:18:40.741 +06:00 [INF] Executing endpoint 'HotelListing.Controllers.CountryController.GetCountries (HotelListing)'
2022-08-08 06:18:40.777 +06:00 [INF] Route matched with {action = "GetCountries", controller = "Country"}. Executing controller action with signature System.Threading.Tasks.Task`1[Microsoft.AspNetCore.Mvc.ActionResult] GetCountries() on controller HotelListing.Controllers.CountryController (HotelListing).
2022-08-08 06:18:42.289 +06:00 [INF] Entity Framework Core 6.0.7 initialized 'DatabaseContext' using provider 'Microsoft.EntityFrameworkCore.SqlServer:6.0.7' with options: None
2022-08-08 06:18:44.824 +06:00 [INF] Executed DbCommand (129ms) [Parameters=[], CommandType='"Text"', CommandTimeout='30']
SELECT [c].[Id], [c].[Name], [c].[ShortName]
FROM [Countries] AS [c]
2022-08-08 06:18:44.895 +06:00 [INF] Executing OkObjectResult, writing value of type 'System.Collections.Generic.List`1[[HotelListing.Models.CountryDTO, HotelListing, Version=1.0.0.0, Culture=neutral, PublicKeyToken=null]]'.
2022-08-08 06:18:45.067 +06:00 [INF] Executed action HotelListing.Controllers.CountryController.GetCountries (HotelListing) in 4281.9836ms
2022-08-08 06:18:45.068 +06:00 [INF] Executed endpoint 'HotelListing.Controllers.CountryController.GetCountries (HotelListing)'
2022-08-08 06:18:45.073 +06:00 [INF] Request finished HTTP/2 GET https://localhost:7073/api/Country - - - 200 178 application/json;+charset=utf-8 4342.8475ms
2022-08-08 06:18:55.269 +06:00 [INF] Request starting HTTP/2 GET https://localhost:7073/api/Country/1 - -
2022-08-08 06:18:55.269 +06:00 [INF] Executing endpoint 'HotelListing.Controllers.CountryController.GetCountry (HotelListing)'
2022-08-08 06:18:55.288 +06:00 [INF] Route matched with {action = "GetCountry", controller = "Country"}. Executing controller action with signature System.Threading.Tasks.Task`1[Microsoft.AspNetCore.Mvc.ActionResult] GetCountry(Int32) on controller HotelListing.Controllers.CountryController (HotelListing).
2022-08-08 06:18:55.359 +06:00 [INF] Entity Framework Core 6.0.7 initialized 'DatabaseContext' using provider 'Microsoft.EntityFrameworkCore.SqlServer:6.0.7' with options: None
2022-08-08 06:18:55.386 +06:00 [ERR] Something went wrong in the GetCountry
System.InvalidOperationException: An error was generated for warning 'Microsoft.EntityFrameworkCore.Query.InvalidIncludePathError': Unable to find navigation 'Hotels' specified in string based include path 'Hotels'. This exception can be suppressed or logged by passing event ID 'CoreEventId.InvalidIncludePathError' to the 'ConfigureWarnings' method in 'DbContext.OnConfiguring' or 'AddDbContext'.
   at Microsoft.EntityFrameworkCore.Diagnostics.EventDefinition`2.Log[TLoggerCategory](IDiagnosticsLogger`1 logger, TParam1 arg1, TParam2 arg2)
   at Microsoft.EntityFrameworkCore.Diagnostics.CoreLoggerExtensions.InvalidIncludePathError(IDiagnosticsLogger`1 diagnostics, String navigationChain, String navigationName)
   at Microsoft.EntityFrameworkCore.Query.Internal.NavigationExpandingExpressionVisitor.ProcessInclude(NavigationExpansionExpression source, Expression expression, Boolean thenInclude, Boolean setLoaded)
   at Microsoft.EntityFrameworkCore.Query.Internal.NavigationExpandingExpressionVisitor.VisitMethodCall(MethodCallExpression methodCallExpression)
   at Microsoft.EntityFrameworkCore.Query.Internal.NavigationExpandingExpressionVisitor.VisitMethodCall(MethodCallExpression methodCallExpression)
   at Microsoft.EntityFrameworkCore.Query.Internal.NavigationExpandingExpressionVisitor.Expand(Expression query)
   at Microsoft.EntityFrameworkCore.Query.QueryTranslationPreprocessor.Process(Expression query)
   at Microsoft.EntityFrameworkCore.Query.QueryCompilationContext.CreateQueryExecutor[TResult](Expression query)
   at Microsoft.EntityFrameworkCore.Storage.Database.CompileQuery[TResult](Expression query, Boolean async)
   at Microsoft.EntityFrameworkCore.Query.Internal.QueryCompiler.CompileQueryCore[TResult](IDatabase database, Expression query, IModel model, Boolean async)
   at Microsoft.EntityFrameworkCore.Query.Internal.QueryCompiler.<>c__DisplayClass12_0`1.<ExecuteAsync>b__0()
   at Microsoft.EntityFrameworkCore.Query.Internal.CompiledQueryCache.GetOrAddQuery[TResult](Object cacheKey, Func`1 compiler)
   at Microsoft.EntityFrameworkCore.Query.Internal.QueryCompiler.ExecuteAsync[TResult](Expression query, CancellationToken cancellationToken)
   at Microsoft.EntityFrameworkCore.Query.Internal.EntityQueryProvider.ExecuteAsync[TResult](Expression expression, CancellationToken cancellationToken)
   at Microsoft.EntityFrameworkCore.EntityFrameworkQueryableExtensions.ExecuteAsync[TSource,TResult](MethodInfo operatorMethodInfo, IQueryable`1 source, Expression expression, CancellationToken cancellationToken)
   at Microsoft.EntityFrameworkCore.EntityFrameworkQueryableExtensions.ExecuteAsync[TSource,TResult](MethodInfo operatorMethodInfo, IQueryable`1 source, LambdaExpression expression, CancellationToken cancellationToken)
   at Microsoft.EntityFrameworkCore.EntityFrameworkQueryableExtensions.FirstOrDefaultAsync[TSource](IQueryable`1 source, Expression`1 predicate, CancellationToken cancellationToken)
   at HotelListing.Repository.GenericRepository`1.Get(Expression`1 expression, List`1 includes) in G:\ASPDotNetWebAPI\HotelListing\HotelListing\Repository\GenericRepository.cs:line 0
   at HotelListing.Controllers.CountryController.GetCountry(Int32 id) in G:\ASPDotNetWebAPI\HotelListing\HotelListing\Controllers\CountryController.cs:line 50
2022-08-08 06:18:55.490 +06:00 [INF] Executing ObjectResult, writing value of type 'System.String'.
2022-08-08 06:18:55.491 +06:00 [INF] Executed action HotelListing.Controllers.CountryController.GetCountry (HotelListing) in 202.7576ms
2022-08-08 06:18:55.491 +06:00 [INF] Executed endpoint 'HotelListing.Controllers.CountryController.GetCountry (HotelListing)'
2022-08-08 06:18:55.491 +06:00 [INF] Request finished HTTP/2 GET https://localhost:7073/api/Country/1 - - - 500 - text/plain;+charset=utf-8 222.3062ms
2022-08-08 06:21:26.503 +06:00 [INF] Now listening on: https://localhost:7073
2022-08-08 06:21:26.563 +06:00 [INF] Now listening on: http://localhost:5073
2022-08-08 06:21:26.570 +06:00 [INF] Application started. Press Ctrl+C to shut down.
2022-08-08 06:21:26.570 +06:00 [INF] Hosting environment: Development
2022-08-08 06:21:26.570 +06:00 [INF] Content root path: G:\ASPDotNetWebAPI\HotelListing\HotelListing\
2022-08-08 06:21:26.654 +06:00 [INF] Request starting HTTP/2 GET https://localhost:7073/swagger/index.html - -
2022-08-08 06:21:26.965 +06:00 [INF] Request finished HTTP/2 GET https://localhost:7073/swagger/index.html - - - 200 - text/html;charset=utf-8 316.1077ms
2022-08-08 06:21:26.967 +06:00 [INF] Request starting HTTP/2 GET https://localhost:7073/_framework/aspnetcore-browser-refresh.js - -
2022-08-08 06:21:26.972 +06:00 [INF] Request finished HTTP/2 GET https://localhost:7073/_framework/aspnetcore-browser-refresh.js - - - 200 11981 application/javascript;+charset=utf-8 5.0856ms
2022-08-08 06:21:27.304 +06:00 [INF] Request starting HTTP/2 GET https://localhost:7073/swagger/v1/swagger.json - -
2022-08-08 06:21:27.446 +06:00 [INF] Request finished HTTP/2 GET https://localhost:7073/swagger/v1/swagger.json - - - 200 - application/json;charset=utf-8 141.6356ms
2022-08-08 06:21:55.923 +06:00 [INF] Request starting HTTP/2 GET https://localhost:7073/api/Country/1 - -
2022-08-08 06:21:55.932 +06:00 [INF] Executing endpoint 'HotelListing.Controllers.CountryController.GetCountry (HotelListing)'
2022-08-08 06:21:55.970 +06:00 [INF] Route matched with {action = "GetCountry", controller = "Country"}. Executing controller action with signature System.Threading.Tasks.Task`1[Microsoft.AspNetCore.Mvc.ActionResult] GetCountry(Int32) on controller HotelListing.Controllers.CountryController (HotelListing).
2022-08-08 06:21:57.328 +06:00 [INF] Entity Framework Core 6.0.7 initialized 'DatabaseContext' using provider 'Microsoft.EntityFrameworkCore.SqlServer:6.0.7' with options: None
2022-08-08 06:21:57.467 +06:00 [ERR] Something went wrong in the GetCountry
System.InvalidOperationException: An error was generated for warning 'Microsoft.EntityFrameworkCore.Query.InvalidIncludePathError': Unable to find navigation 'Hotels' specified in string based include path 'Hotels'. This exception can be suppressed or logged by passing event ID 'CoreEventId.InvalidIncludePathError' to the 'ConfigureWarnings' method in 'DbContext.OnConfiguring' or 'AddDbContext'.
   at Microsoft.EntityFrameworkCore.Diagnostics.EventDefinition`2.Log[TLoggerCategory](IDiagnosticsLogger`1 logger, TParam1 arg1, TParam2 arg2)
   at Microsoft.EntityFrameworkCore.Diagnostics.CoreLoggerExtensions.InvalidIncludePathError(IDiagnosticsLogger`1 diagnostics, String navigationChain, String navigationName)
   at Microsoft.EntityFrameworkCore.Query.Internal.NavigationExpandingExpressionVisitor.ProcessInclude(NavigationExpansionExpression source, Expression expression, Boolean thenInclude, Boolean setLoaded)
   at Microsoft.EntityFrameworkCore.Query.Internal.NavigationExpandingExpressionVisitor.VisitMethodCall(MethodCallExpression methodCallExpression)
   at System.Linq.Expressions.MethodCallExpression.Accept(ExpressionVisitor visitor)
   at System.Linq.Expressions.ExpressionVisitor.Visit(Expression node)
   at Microsoft.EntityFrameworkCore.Query.Internal.NavigationExpandingExpressionVisitor.VisitMethodCall(MethodCallExpression methodCallExpression)
   at System.Linq.Expressions.MethodCallExpression.Accept(ExpressionVisitor visitor)
   at System.Linq.Expressions.ExpressionVisitor.Visit(Expression node)
   at Microsoft.EntityFrameworkCore.Query.Internal.NavigationExpandingExpressionVisitor.Expand(Expression query)
   at Microsoft.EntityFrameworkCore.Query.QueryTranslationPreprocessor.Process(Expression query)
   at Microsoft.EntityFrameworkCore.Query.QueryCompilationContext.CreateQueryExecutor[TResult](Expression query)
   at Microsoft.EntityFrameworkCore.Storage.Database.CompileQuery[TResult](Expression query, Boolean async)
   at Microsoft.EntityFrameworkCore.Query.Internal.QueryCompiler.CompileQueryCore[TResult](IDatabase database, Expression query, IModel model, Boolean async)
   at Microsoft.EntityFrameworkCore.Query.Internal.QueryCompiler.<>c__DisplayClass12_0`1.<ExecuteAsync>b__0()
   at Microsoft.EntityFrameworkCore.Query.Internal.CompiledQueryCache.GetOrAddQuery[TResult](Object cacheKey, Func`1 compiler)
   at Microsoft.EntityFrameworkCore.Query.Internal.QueryCompiler.ExecuteAsync[TResult](Expression query, CancellationToken cancellationToken)
   at Microsoft.EntityFrameworkCore.Query.Internal.EntityQueryProvider.ExecuteAsync[TResult](Expression expression, CancellationToken cancellationToken)
   at Microsoft.EntityFrameworkCore.EntityFrameworkQueryableExtensions.ExecuteAsync[TSource,TResult](MethodInfo operatorMethodInfo, IQueryable`1 source, Expression expression, CancellationToken cancellationToken)
   at Microsoft.EntityFrameworkCore.EntityFrameworkQueryableExtensions.ExecuteAsync[TSource,TResult](MethodInfo operatorMethodInfo, IQueryable`1 source, LambdaExpression expression, CancellationToken cancellationToken)
   at Microsoft.EntityFrameworkCore.EntityFrameworkQueryableExtensions.FirstOrDefaultAsync[TSource](IQueryable`1 source, Expression`1 predicate, CancellationToken cancellationToken)
   at HotelListing.Repository.GenericRepository`1.Get(Expression`1 expression, List`1 includes) in G:\ASPDotNetWebAPI\HotelListing\HotelListing\Repository\GenericRepository.cs:line 0
   at HotelListing.Controllers.CountryController.GetCountry(Int32 id) in G:\ASPDotNetWebAPI\HotelListing\HotelListing\Controllers\CountryController.cs:line 50
2022-08-08 06:21:57.500 +06:00 [INF] Executing ObjectResult, writing value of type 'System.String'.
2022-08-08 06:21:57.510 +06:00 [INF] Executed action HotelListing.Controllers.CountryController.GetCountry (HotelListing) in 1531.7536ms
2022-08-08 06:21:57.511 +06:00 [INF] Executed endpoint 'HotelListing.Controllers.CountryController.GetCountry (HotelListing)'
2022-08-08 06:21:57.518 +06:00 [INF] Request finished HTTP/2 GET https://localhost:7073/api/Country/1 - - - 500 - text/plain;+charset=utf-8 1594.9702ms
2022-08-08 06:24:34.994 +06:00 [INF] Now listening on: https://localhost:7073
2022-08-08 06:24:35.034 +06:00 [INF] Now listening on: http://localhost:5073
2022-08-08 06:24:35.039 +06:00 [INF] Application started. Press Ctrl+C to shut down.
2022-08-08 06:24:35.039 +06:00 [INF] Hosting environment: Development
2022-08-08 06:24:35.039 +06:00 [INF] Content root path: G:\ASPDotNetWebAPI\HotelListing\HotelListing\
2022-08-08 06:24:35.439 +06:00 [INF] Request starting HTTP/2 GET https://localhost:7073/swagger/index.html - -
2022-08-08 06:24:35.734 +06:00 [INF] Request finished HTTP/2 GET https://localhost:7073/swagger/index.html - - - 200 - text/html;charset=utf-8 299.3022ms
2022-08-08 06:24:35.737 +06:00 [INF] Request starting HTTP/2 GET https://localhost:7073/_framework/aspnetcore-browser-refresh.js - -
2022-08-08 06:24:35.741 +06:00 [INF] Request finished HTTP/2 GET https://localhost:7073/_framework/aspnetcore-browser-refresh.js - - - 200 11981 application/javascript;+charset=utf-8 3.4379ms
2022-08-08 06:24:36.299 +06:00 [INF] Request starting HTTP/2 GET https://localhost:7073/swagger/v1/swagger.json - -
2022-08-08 06:24:36.439 +06:00 [INF] Request finished HTTP/2 GET https://localhost:7073/swagger/v1/swagger.json - - - 200 - application/json;charset=utf-8 139.7822ms
2022-08-08 06:24:48.461 +06:00 [INF] Request starting HTTP/2 GET https://localhost:7073/api/Country/1 - -
2022-08-08 06:24:48.468 +06:00 [INF] Executing endpoint 'HotelListing.Controllers.CountryController.GetCountry (HotelListing)'
2022-08-08 06:24:48.505 +06:00 [INF] Route matched with {action = "GetCountry", controller = "Country"}. Executing controller action with signature System.Threading.Tasks.Task`1[Microsoft.AspNetCore.Mvc.ActionResult] GetCountry(Int32) on controller HotelListing.Controllers.CountryController (HotelListing).
2022-08-08 06:24:49.893 +06:00 [INF] Entity Framework Core 6.0.7 initialized 'DatabaseContext' using provider 'Microsoft.EntityFrameworkCore.SqlServer:6.0.7' with options: None
2022-08-08 06:24:50.044 +06:00 [ERR] Something went wrong in the GetCountry
System.InvalidOperationException: An error was generated for warning 'Microsoft.EntityFrameworkCore.Query.InvalidIncludePathError': Unable to find navigation 'Hotels' specified in string based include path 'Hotels'. This exception can be suppressed or logged by passing event ID 'CoreEventId.InvalidIncludePathError' to the 'ConfigureWarnings' method in 'DbContext.OnConfiguring' or 'AddDbContext'.
   at Microsoft.EntityFrameworkCore.Diagnostics.EventDefinition`2.Log[TLoggerCategory](IDiagnosticsLogger`1 logger, TParam1 arg1, TParam2 arg2)
   at Microsoft.EntityFrameworkCore.Diagnostics.CoreLoggerExtensions.InvalidIncludePathError(IDiagnosticsLogger`1 diagnostics, String navigationChain, String navigationName)
   at Microsoft.EntityFrameworkCore.Query.Internal.NavigationExpandingExpressionVisitor.ProcessInclude(NavigationExpansionExpression source, Expression expression, Boolean thenInclude, Boolean setLoaded)
   at Microsoft.EntityFrameworkCore.Query.Internal.NavigationExpandingExpressionVisitor.VisitMethodCall(MethodCallExpression methodCallExpression)
   at System.Linq.Expressions.MethodCallExpression.Accept(ExpressionVisitor visitor)
   at System.Linq.Expressions.ExpressionVisitor.Visit(Expression node)
   at Microsoft.EntityFrameworkCore.Query.Internal.NavigationExpandingExpressionVisitor.VisitMethodCall(MethodCallExpression methodCallExpression)
   at System.Linq.Expressions.MethodCallExpression.Accept(ExpressionVisitor visitor)
   at System.Linq.Expressions.ExpressionVisitor.Visit(Expression node)
   at Microsoft.EntityFrameworkCore.Query.Internal.NavigationExpandingExpressionVisitor.Expand(Expression query)
   at Microsoft.EntityFrameworkCore.Query.QueryTranslationPreprocessor.Process(Expression query)
   at Microsoft.EntityFrameworkCore.Query.QueryCompilationContext.CreateQueryExecutor[TResult](Expression query)
   at Microsoft.EntityFrameworkCore.Storage.Database.CompileQuery[TResult](Expression query, Boolean async)
   at Microsoft.EntityFrameworkCore.Query.Internal.QueryCompiler.CompileQueryCore[TResult](IDatabase database, Expression query, IModel model, Boolean async)
   at Microsoft.EntityFrameworkCore.Query.Internal.QueryCompiler.<>c__DisplayClass12_0`1.<ExecuteAsync>b__0()
   at Microsoft.EntityFrameworkCore.Query.Internal.CompiledQueryCache.GetOrAddQuery[TResult](Object cacheKey, Func`1 compiler)
   at Microsoft.EntityFrameworkCore.Query.Internal.QueryCompiler.ExecuteAsync[TResult](Expression query, CancellationToken cancellationToken)
   at Microsoft.EntityFrameworkCore.Query.Internal.EntityQueryProvider.ExecuteAsync[TResult](Expression expression, CancellationToken cancellationToken)
   at Microsoft.EntityFrameworkCore.EntityFrameworkQueryableExtensions.ExecuteAsync[TSource,TResult](MethodInfo operatorMethodInfo, IQueryable`1 source, Expression expression, CancellationToken cancellationToken)
   at Microsoft.EntityFrameworkCore.EntityFrameworkQueryableExtensions.ExecuteAsync[TSource,TResult](MethodInfo operatorMethodInfo, IQueryable`1 source, LambdaExpression expression, CancellationToken cancellationToken)
   at Microsoft.EntityFrameworkCore.EntityFrameworkQueryableExtensions.FirstOrDefaultAsync[TSource](IQueryable`1 source, Expression`1 predicate, CancellationToken cancellationToken)
   at HotelListing.Repository.GenericRepository`1.Get(Expression`1 expression, List`1 includes) in G:\ASPDotNetWebAPI\HotelListing\HotelListing\Repository\GenericRepository.cs:line 0
   at HotelListing.Controllers.CountryController.GetCountry(Int32 id) in G:\ASPDotNetWebAPI\HotelListing\HotelListing\Controllers\CountryController.cs:line 50
2022-08-08 06:24:50.085 +06:00 [INF] Executing ObjectResult, writing value of type 'System.String'.
2022-08-08 06:24:50.094 +06:00 [INF] Executed action HotelListing.Controllers.CountryController.GetCountry (HotelListing) in 1581.0757ms
2022-08-08 06:24:50.095 +06:00 [INF] Executed endpoint 'HotelListing.Controllers.CountryController.GetCountry (HotelListing)'
2022-08-08 06:24:50.102 +06:00 [INF] Request finished HTTP/2 GET https://localhost:7073/api/Country/1 - - - 500 - text/plain;+charset=utf-8 1641.2676ms
2022-08-08 06:27:01.050 +06:00 [INF] Now listening on: https://localhost:7073
2022-08-08 06:27:01.094 +06:00 [INF] Now listening on: http://localhost:5073
2022-08-08 06:27:01.099 +06:00 [INF] Application started. Press Ctrl+C to shut down.
2022-08-08 06:27:01.099 +06:00 [INF] Hosting environment: Development
2022-08-08 06:27:01.099 +06:00 [INF] Content root path: G:\ASPDotNetWebAPI\HotelListing\HotelListing\
2022-08-08 06:27:01.648 +06:00 [INF] Request starting HTTP/2 GET https://localhost:7073/swagger/index.html - -
2022-08-08 06:27:01.957 +06:00 [INF] Request finished HTTP/2 GET https://localhost:7073/swagger/index.html - - - 200 - text/html;charset=utf-8 316.8225ms
2022-08-08 06:27:01.958 +06:00 [INF] Request starting HTTP/2 GET https://localhost:7073/_framework/aspnetcore-browser-refresh.js - -
2022-08-08 06:27:01.963 +06:00 [INF] Request finished HTTP/2 GET https://localhost:7073/_framework/aspnetcore-browser-refresh.js - - - 200 11981 application/javascript;+charset=utf-8 4.8933ms
2022-08-08 06:27:02.535 +06:00 [INF] Request starting HTTP/2 GET https://localhost:7073/swagger/v1/swagger.json - -
2022-08-08 06:27:02.701 +06:00 [INF] Request finished HTTP/2 GET https://localhost:7073/swagger/v1/swagger.json - - - 200 - application/json;charset=utf-8 165.7595ms
2022-08-08 06:27:11.712 +06:00 [INF] Request starting HTTP/2 GET https://localhost:7073/api/Country/1 - -
2022-08-08 06:27:11.720 +06:00 [INF] Executing endpoint 'HotelListing.Controllers.CountryController.GetCountry (HotelListing)'
2022-08-08 06:27:11.758 +06:00 [INF] Route matched with {action = "GetCountry", controller = "Country"}. Executing controller action with signature System.Threading.Tasks.Task`1[Microsoft.AspNetCore.Mvc.ActionResult] GetCountry(Int32) on controller HotelListing.Controllers.CountryController (HotelListing).
2022-08-08 06:27:13.153 +06:00 [INF] Entity Framework Core 6.0.7 initialized 'DatabaseContext' using provider 'Microsoft.EntityFrameworkCore.SqlServer:6.0.7' with options: None
2022-08-08 06:27:13.316 +06:00 [ERR] Something went wrong in the GetCountry
System.InvalidOperationException: An error was generated for warning 'Microsoft.EntityFrameworkCore.Query.InvalidIncludePathError': Unable to find navigation 'Hotels' specified in string based include path 'Hotels'. This exception can be suppressed or logged by passing event ID 'CoreEventId.InvalidIncludePathError' to the 'ConfigureWarnings' method in 'DbContext.OnConfiguring' or 'AddDbContext'.
   at Microsoft.EntityFrameworkCore.Diagnostics.EventDefinition`2.Log[TLoggerCategory](IDiagnosticsLogger`1 logger, TParam1 arg1, TParam2 arg2)
   at Microsoft.EntityFrameworkCore.Diagnostics.CoreLoggerExtensions.InvalidIncludePathError(IDiagnosticsLogger`1 diagnostics, String navigationChain, String navigationName)
   at Microsoft.EntityFrameworkCore.Query.Internal.NavigationExpandingExpressionVisitor.ProcessInclude(NavigationExpansionExpression source, Expression expression, Boolean thenInclude, Boolean setLoaded)
   at Microsoft.EntityFrameworkCore.Query.Internal.NavigationExpandingExpressionVisitor.VisitMethodCall(MethodCallExpression methodCallExpression)
   at System.Linq.Expressions.MethodCallExpression.Accept(ExpressionVisitor visitor)
   at System.Linq.Expressions.ExpressionVisitor.Visit(Expression node)
   at Microsoft.EntityFrameworkCore.Query.Internal.NavigationExpandingExpressionVisitor.VisitMethodCall(MethodCallExpression methodCallExpression)
   at System.Linq.Expressions.MethodCallExpression.Accept(ExpressionVisitor visitor)
   at System.Linq.Expressions.ExpressionVisitor.Visit(Expression node)
   at Microsoft.EntityFrameworkCore.Query.Internal.NavigationExpandingExpressionVisitor.Expand(Expression query)
   at Microsoft.EntityFrameworkCore.Query.QueryTranslationPreprocessor.Process(Expression query)
   at Microsoft.EntityFrameworkCore.Query.QueryCompilationContext.CreateQueryExecutor[TResult](Expression query)
   at Microsoft.EntityFrameworkCore.Storage.Database.CompileQuery[TResult](Expression query, Boolean async)
   at Microsoft.EntityFrameworkCore.Query.Internal.QueryCompiler.CompileQueryCore[TResult](IDatabase database, Expression query, IModel model, Boolean async)
   at Microsoft.EntityFrameworkCore.Query.Internal.QueryCompiler.<>c__DisplayClass12_0`1.<ExecuteAsync>b__0()
   at Microsoft.EntityFrameworkCore.Query.Internal.CompiledQueryCache.GetOrAddQuery[TResult](Object cacheKey, Func`1 compiler)
   at Microsoft.EntityFrameworkCore.Query.Internal.QueryCompiler.ExecuteAsync[TResult](Expression query, CancellationToken cancellationToken)
   at Microsoft.EntityFrameworkCore.Query.Internal.EntityQueryProvider.ExecuteAsync[TResult](Expression expression, CancellationToken cancellationToken)
   at Microsoft.EntityFrameworkCore.EntityFrameworkQueryableExtensions.ExecuteAsync[TSource,TResult](MethodInfo operatorMethodInfo, IQueryable`1 source, Expression expression, CancellationToken cancellationToken)
   at Microsoft.EntityFrameworkCore.EntityFrameworkQueryableExtensions.ExecuteAsync[TSource,TResult](MethodInfo operatorMethodInfo, IQueryable`1 source, LambdaExpression expression, CancellationToken cancellationToken)
   at Microsoft.EntityFrameworkCore.EntityFrameworkQueryableExtensions.FirstOrDefaultAsync[TSource](IQueryable`1 source, Expression`1 predicate, CancellationToken cancellationToken)
   at HotelListing.Repository.GenericRepository`1.Get(Expression`1 expression, List`1 includes) in G:\ASPDotNetWebAPI\HotelListing\HotelListing\Repository\GenericRepository.cs:line 0
   at HotelListing.Controllers.CountryController.GetCountry(Int32 id) in G:\ASPDotNetWebAPI\HotelListing\HotelListing\Controllers\CountryController.cs:line 50
2022-08-08 06:27:13.363 +06:00 [INF] Executing ObjectResult, writing value of type 'System.String'.
2022-08-08 06:27:13.374 +06:00 [INF] Executed action HotelListing.Controllers.CountryController.GetCountry (HotelListing) in 1605.7725ms
2022-08-08 06:27:13.375 +06:00 [INF] Executed endpoint 'HotelListing.Controllers.CountryController.GetCountry (HotelListing)'
2022-08-08 06:27:13.383 +06:00 [INF] Request finished HTTP/2 GET https://localhost:7073/api/Country/1 - - - 500 - text/plain;+charset=utf-8 1670.8207ms
2022-08-08 06:28:37.419 +06:00 [INF] Now listening on: https://localhost:7073
2022-08-08 06:28:37.458 +06:00 [INF] Now listening on: http://localhost:5073
2022-08-08 06:28:37.463 +06:00 [INF] Application started. Press Ctrl+C to shut down.
2022-08-08 06:28:37.463 +06:00 [INF] Hosting environment: Development
2022-08-08 06:28:37.463 +06:00 [INF] Content root path: G:\ASPDotNetWebAPI\HotelListing\HotelListing\
2022-08-08 06:28:37.945 +06:00 [INF] Request starting HTTP/2 GET https://localhost:7073/swagger/index.html - -
2022-08-08 06:28:38.213 +06:00 [INF] Request finished HTTP/2 GET https://localhost:7073/swagger/index.html - - - 200 - text/html;charset=utf-8 275.0222ms
2022-08-08 06:28:38.215 +06:00 [INF] Request starting HTTP/2 GET https://localhost:7073/_framework/aspnetcore-browser-refresh.js - -
2022-08-08 06:28:38.220 +06:00 [INF] Request finished HTTP/2 GET https://localhost:7073/_framework/aspnetcore-browser-refresh.js - - - 200 11981 application/javascript;+charset=utf-8 4.8131ms
2022-08-08 06:28:38.484 +06:00 [INF] Request starting HTTP/2 GET https://localhost:7073/swagger/v1/swagger.json - -
2022-08-08 06:28:38.640 +06:00 [INF] Request finished HTTP/2 GET https://localhost:7073/swagger/v1/swagger.json - - - 200 - application/json;charset=utf-8 156.3481ms
2022-08-08 06:28:49.487 +06:00 [INF] Request starting HTTP/2 GET https://localhost:7073/api/Country/1 - -
2022-08-08 06:28:49.496 +06:00 [INF] Executing endpoint 'HotelListing.Controllers.CountryController.GetCountry (HotelListing)'
2022-08-08 06:28:49.533 +06:00 [INF] Route matched with {action = "GetCountry", controller = "Country"}. Executing controller action with signature System.Threading.Tasks.Task`1[Microsoft.AspNetCore.Mvc.ActionResult] GetCountry(Int32) on controller HotelListing.Controllers.CountryController (HotelListing).
2022-08-08 06:28:50.838 +06:00 [INF] Entity Framework Core 6.0.7 initialized 'DatabaseContext' using provider 'Microsoft.EntityFrameworkCore.SqlServer:6.0.7' with options: None
2022-08-08 06:28:50.969 +06:00 [ERR] Something went wrong in the GetCountry
System.InvalidOperationException: An error was generated for warning 'Microsoft.EntityFrameworkCore.Query.InvalidIncludePathError': Unable to find navigation 'Hotels' specified in string based include path 'Hotels'. This exception can be suppressed or logged by passing event ID 'CoreEventId.InvalidIncludePathError' to the 'ConfigureWarnings' method in 'DbContext.OnConfiguring' or 'AddDbContext'.
   at Microsoft.EntityFrameworkCore.Diagnostics.EventDefinition`2.Log[TLoggerCategory](IDiagnosticsLogger`1 logger, TParam1 arg1, TParam2 arg2)
   at Microsoft.EntityFrameworkCore.Diagnostics.CoreLoggerExtensions.InvalidIncludePathError(IDiagnosticsLogger`1 diagnostics, String navigationChain, String navigationName)
   at Microsoft.EntityFrameworkCore.Query.Internal.NavigationExpandingExpressionVisitor.ProcessInclude(NavigationExpansionExpression source, Expression expression, Boolean thenInclude, Boolean setLoaded)
   at Microsoft.EntityFrameworkCore.Query.Internal.NavigationExpandingExpressionVisitor.VisitMethodCall(MethodCallExpression methodCallExpression)
   at System.Linq.Expressions.MethodCallExpression.Accept(ExpressionVisitor visitor)
   at System.Linq.Expressions.ExpressionVisitor.Visit(Expression node)
   at Microsoft.EntityFrameworkCore.Query.Internal.NavigationExpandingExpressionVisitor.VisitMethodCall(MethodCallExpression methodCallExpression)
   at System.Linq.Expressions.MethodCallExpression.Accept(ExpressionVisitor visitor)
   at System.Linq.Expressions.ExpressionVisitor.Visit(Expression node)
   at Microsoft.EntityFrameworkCore.Query.Internal.NavigationExpandingExpressionVisitor.Expand(Expression query)
   at Microsoft.EntityFrameworkCore.Query.QueryTranslationPreprocessor.Process(Expression query)
   at Microsoft.EntityFrameworkCore.Query.QueryCompilationContext.CreateQueryExecutor[TResult](Expression query)
   at Microsoft.EntityFrameworkCore.Storage.Database.CompileQuery[TResult](Expression query, Boolean async)
   at Microsoft.EntityFrameworkCore.Query.Internal.QueryCompiler.CompileQueryCore[TResult](IDatabase database, Expression query, IModel model, Boolean async)
   at Microsoft.EntityFrameworkCore.Query.Internal.QueryCompiler.<>c__DisplayClass12_0`1.<ExecuteAsync>b__0()
   at Microsoft.EntityFrameworkCore.Query.Internal.CompiledQueryCache.GetOrAddQuery[TResult](Object cacheKey, Func`1 compiler)
   at Microsoft.EntityFrameworkCore.Query.Internal.QueryCompiler.ExecuteAsync[TResult](Expression query, CancellationToken cancellationToken)
   at Microsoft.EntityFrameworkCore.Query.Internal.EntityQueryProvider.ExecuteAsync[TResult](Expression expression, CancellationToken cancellationToken)
   at Microsoft.EntityFrameworkCore.EntityFrameworkQueryableExtensions.ExecuteAsync[TSource,TResult](MethodInfo operatorMethodInfo, IQueryable`1 source, Expression expression, CancellationToken cancellationToken)
   at Microsoft.EntityFrameworkCore.EntityFrameworkQueryableExtensions.ExecuteAsync[TSource,TResult](MethodInfo operatorMethodInfo, IQueryable`1 source, LambdaExpression expression, CancellationToken cancellationToken)
   at Microsoft.EntityFrameworkCore.EntityFrameworkQueryableExtensions.FirstOrDefaultAsync[TSource](IQueryable`1 source, Expression`1 predicate, CancellationToken cancellationToken)
   at HotelListing.Repository.GenericRepository`1.Get(Expression`1 expression, List`1 includes) in G:\ASPDotNetWebAPI\HotelListing\HotelListing\Repository\GenericRepository.cs:line 0
   at HotelListing.Controllers.CountryController.GetCountry(Int32 id) in G:\ASPDotNetWebAPI\HotelListing\HotelListing\Controllers\CountryController.cs:line 50
2022-08-08 06:28:50.998 +06:00 [INF] Executing ObjectResult, writing value of type 'System.String'.
2022-08-08 06:28:51.006 +06:00 [INF] Executed action HotelListing.Controllers.CountryController.GetCountry (HotelListing) in 1465.4141ms
2022-08-08 06:28:51.007 +06:00 [INF] Executed endpoint 'HotelListing.Controllers.CountryController.GetCountry (HotelListing)'
2022-08-08 06:28:51.013 +06:00 [INF] Request finished HTTP/2 GET https://localhost:7073/api/Country/1 - - - 500 - text/plain;+charset=utf-8 1526.3283ms
2022-08-08 06:29:07.699 +06:00 [INF] Request starting HTTP/2 GET https://localhost:7073/api/Country - -
2022-08-08 06:29:07.699 +06:00 [INF] Executing endpoint 'HotelListing.Controllers.CountryController.GetCountries (HotelListing)'
2022-08-08 06:29:07.704 +06:00 [INF] Route matched with {action = "GetCountries", controller = "Country"}. Executing controller action with signature System.Threading.Tasks.Task`1[Microsoft.AspNetCore.Mvc.ActionResult] GetCountries() on controller HotelListing.Controllers.CountryController (HotelListing).
2022-08-08 06:29:07.763 +06:00 [INF] Entity Framework Core 6.0.7 initialized 'DatabaseContext' using provider 'Microsoft.EntityFrameworkCore.SqlServer:6.0.7' with options: None
2022-08-08 06:29:08.643 +06:00 [INF] Executed DbCommand (53ms) [Parameters=[], CommandType='"Text"', CommandTimeout='30']
SELECT [c].[Id], [c].[Name], [c].[ShortName]
FROM [Countries] AS [c]
2022-08-08 06:29:08.711 +06:00 [INF] Executing OkObjectResult, writing value of type 'System.Collections.Generic.List`1[[HotelListing.Models.CountryDTO, HotelListing, Version=1.0.0.0, Culture=neutral, PublicKeyToken=null]]'.
2022-08-08 06:29:08.862 +06:00 [INF] Executed action HotelListing.Controllers.CountryController.GetCountries (HotelListing) in 1158.0463ms
2022-08-08 06:29:08.863 +06:00 [INF] Executed endpoint 'HotelListing.Controllers.CountryController.GetCountries (HotelListing)'
2022-08-08 06:29:08.864 +06:00 [INF] Request finished HTTP/2 GET https://localhost:7073/api/Country - - - 200 178 application/json;+charset=utf-8 1165.3266ms
2022-08-08 06:29:28.691 +06:00 [INF] Request starting HTTP/2 GET https://localhost:7073/api/Country - -
2022-08-08 06:29:28.698 +06:00 [INF] Executing endpoint 'HotelListing.Controllers.CountryController.GetCountries (HotelListing)'
2022-08-08 06:29:28.698 +06:00 [INF] Route matched with {action = "GetCountries", controller = "Country"}. Executing controller action with signature System.Threading.Tasks.Task`1[Microsoft.AspNetCore.Mvc.ActionResult] GetCountries() on controller HotelListing.Controllers.CountryController (HotelListing).
2022-08-08 06:29:28.717 +06:00 [INF] Entity Framework Core 6.0.7 initialized 'DatabaseContext' using provider 'Microsoft.EntityFrameworkCore.SqlServer:6.0.7' with options: None
2022-08-08 06:29:29.385 +06:00 [INF] Executed DbCommand (651ms) [Parameters=[], CommandType='"Text"', CommandTimeout='30']
SELECT [c].[Id], [c].[Name], [c].[ShortName]
FROM [Countries] AS [c]
2022-08-08 06:29:29.389 +06:00 [INF] Executing OkObjectResult, writing value of type 'System.Collections.Generic.List`1[[HotelListing.Models.CountryDTO, HotelListing, Version=1.0.0.0, Culture=neutral, PublicKeyToken=null]]'.
2022-08-08 06:29:29.390 +06:00 [INF] Executed action HotelListing.Controllers.CountryController.GetCountries (HotelListing) in 692.3933ms
2022-08-08 06:29:29.391 +06:00 [INF] Executed endpoint 'HotelListing.Controllers.CountryController.GetCountries (HotelListing)'
2022-08-08 06:29:29.391 +06:00 [INF] Request finished HTTP/2 GET https://localhost:7073/api/Country - - - 200 178 application/json;+charset=utf-8 699.5148ms
2022-08-08 06:29:29.713 +06:00 [INF] Request starting HTTP/2 GET https://localhost:7073/favicon.ico - -
2022-08-08 06:29:29.714 +06:00 [INF] Request finished HTTP/2 GET https://localhost:7073/favicon.ico - - - 404 0 - 0.6978ms
2022-08-08 06:29:39.551 +06:00 [INF] Request starting HTTP/2 GET https://localhost:7073/api/Country/1 - -
2022-08-08 06:29:39.554 +06:00 [INF] Executing endpoint 'HotelListing.Controllers.CountryController.GetCountry (HotelListing)'
2022-08-08 06:29:39.554 +06:00 [INF] Route matched with {action = "GetCountry", controller = "Country"}. Executing controller action with signature System.Threading.Tasks.Task`1[Microsoft.AspNetCore.Mvc.ActionResult] GetCountry(Int32) on controller HotelListing.Controllers.CountryController (HotelListing).
2022-08-08 06:29:39.558 +06:00 [INF] Entity Framework Core 6.0.7 initialized 'DatabaseContext' using provider 'Microsoft.EntityFrameworkCore.SqlServer:6.0.7' with options: None
2022-08-08 06:29:39.561 +06:00 [ERR] Something went wrong in the GetCountry
System.InvalidOperationException: An error was generated for warning 'Microsoft.EntityFrameworkCore.Query.InvalidIncludePathError': Unable to find navigation 'Hotels' specified in string based include path 'Hotels'. This exception can be suppressed or logged by passing event ID 'CoreEventId.InvalidIncludePathError' to the 'ConfigureWarnings' method in 'DbContext.OnConfiguring' or 'AddDbContext'.
   at Microsoft.EntityFrameworkCore.Diagnostics.EventDefinition`2.Log[TLoggerCategory](IDiagnosticsLogger`1 logger, TParam1 arg1, TParam2 arg2)
   at Microsoft.EntityFrameworkCore.Diagnostics.CoreLoggerExtensions.InvalidIncludePathError(IDiagnosticsLogger`1 diagnostics, String navigationChain, String navigationName)
   at Microsoft.EntityFrameworkCore.Query.Internal.NavigationExpandingExpressionVisitor.ProcessInclude(NavigationExpansionExpression source, Expression expression, Boolean thenInclude, Boolean setLoaded)
   at Microsoft.EntityFrameworkCore.Query.Internal.NavigationExpandingExpressionVisitor.VisitMethodCall(MethodCallExpression methodCallExpression)
   at Microsoft.EntityFrameworkCore.Query.Internal.NavigationExpandingExpressionVisitor.VisitMethodCall(MethodCallExpression methodCallExpression)
   at Microsoft.EntityFrameworkCore.Query.Internal.NavigationExpandingExpressionVisitor.Expand(Expression query)
   at Microsoft.EntityFrameworkCore.Query.QueryTranslationPreprocessor.Process(Expression query)
   at Microsoft.EntityFrameworkCore.Query.QueryCompilationContext.CreateQueryExecutor[TResult](Expression query)
   at Microsoft.EntityFrameworkCore.Storage.Database.CompileQuery[TResult](Expression query, Boolean async)
   at Microsoft.EntityFrameworkCore.Query.Internal.QueryCompiler.CompileQueryCore[TResult](IDatabase database, Expression query, IModel model, Boolean async)
   at Microsoft.EntityFrameworkCore.Query.Internal.QueryCompiler.<>c__DisplayClass12_0`1.<ExecuteAsync>b__0()
   at Microsoft.EntityFrameworkCore.Query.Internal.CompiledQueryCache.GetOrAddQuery[TResult](Object cacheKey, Func`1 compiler)
   at Microsoft.EntityFrameworkCore.Query.Internal.QueryCompiler.ExecuteAsync[TResult](Expression query, CancellationToken cancellationToken)
   at Microsoft.EntityFrameworkCore.Query.Internal.EntityQueryProvider.ExecuteAsync[TResult](Expression expression, CancellationToken cancellationToken)
   at Microsoft.EntityFrameworkCore.EntityFrameworkQueryableExtensions.ExecuteAsync[TSource,TResult](MethodInfo operatorMethodInfo, IQueryable`1 source, Expression expression, CancellationToken cancellationToken)
   at Microsoft.EntityFrameworkCore.EntityFrameworkQueryableExtensions.ExecuteAsync[TSource,TResult](MethodInfo operatorMethodInfo, IQueryable`1 source, LambdaExpression expression, CancellationToken cancellationToken)
   at Microsoft.EntityFrameworkCore.EntityFrameworkQueryableExtensions.FirstOrDefaultAsync[TSource](IQueryable`1 source, Expression`1 predicate, CancellationToken cancellationToken)
   at HotelListing.Repository.GenericRepository`1.Get(Expression`1 expression, List`1 includes) in G:\ASPDotNetWebAPI\HotelListing\HotelListing\Repository\GenericRepository.cs:line 0
   at HotelListing.Controllers.CountryController.GetCountry(Int32 id) in G:\ASPDotNetWebAPI\HotelListing\HotelListing\Controllers\CountryController.cs:line 50
2022-08-08 06:29:39.563 +06:00 [INF] Executing ObjectResult, writing value of type 'System.String'.
2022-08-08 06:29:39.563 +06:00 [INF] Executed action HotelListing.Controllers.CountryController.GetCountry (HotelListing) in 8.688ms
2022-08-08 06:29:39.563 +06:00 [INF] Executed endpoint 'HotelListing.Controllers.CountryController.GetCountry (HotelListing)'
2022-08-08 06:29:39.564 +06:00 [INF] Request finished HTTP/2 GET https://localhost:7073/api/Country/1 - - - 500 - text/plain;+charset=utf-8 12.5202ms
2022-08-08 06:32:53.955 +06:00 [INF] Now listening on: https://localhost:7073
2022-08-08 06:32:53.994 +06:00 [INF] Now listening on: http://localhost:5073
2022-08-08 06:32:53.999 +06:00 [INF] Application started. Press Ctrl+C to shut down.
2022-08-08 06:32:53.999 +06:00 [INF] Hosting environment: Development
2022-08-08 06:32:53.999 +06:00 [INF] Content root path: G:\ASPDotNetWebAPI\HotelListing\HotelListing\
2022-08-08 06:32:54.371 +06:00 [INF] Request starting HTTP/2 GET https://localhost:7073/swagger/index.html - -
2022-08-08 06:32:54.672 +06:00 [INF] Request finished HTTP/2 GET https://localhost:7073/swagger/index.html - - - 200 - text/html;charset=utf-8 307.8074ms
2022-08-08 06:32:54.677 +06:00 [INF] Request starting HTTP/2 GET https://localhost:7073/_framework/aspnetcore-browser-refresh.js - -
2022-08-08 06:32:54.682 +06:00 [INF] Request finished HTTP/2 GET https://localhost:7073/_framework/aspnetcore-browser-refresh.js - - - 200 11981 application/javascript;+charset=utf-8 5.5540ms
2022-08-08 06:32:55.236 +06:00 [INF] Request starting HTTP/2 GET https://localhost:7073/swagger/v1/swagger.json - -
2022-08-08 06:32:55.374 +06:00 [INF] Request finished HTTP/2 GET https://localhost:7073/swagger/v1/swagger.json - - - 200 - application/json;charset=utf-8 138.4011ms
2022-08-08 06:33:09.521 +06:00 [INF] Now listening on: https://localhost:7073
2022-08-08 06:33:09.561 +06:00 [INF] Now listening on: http://localhost:5073
2022-08-08 06:33:09.566 +06:00 [INF] Application started. Press Ctrl+C to shut down.
2022-08-08 06:33:09.566 +06:00 [INF] Hosting environment: Development
2022-08-08 06:33:09.567 +06:00 [INF] Content root path: G:\ASPDotNetWebAPI\HotelListing\HotelListing\
2022-08-08 06:33:09.996 +06:00 [INF] Request starting HTTP/2 GET https://localhost:7073/swagger/index.html - -
2022-08-08 06:33:10.262 +06:00 [INF] Request finished HTTP/2 GET https://localhost:7073/swagger/index.html - - - 200 - text/html;charset=utf-8 269.5904ms
2022-08-08 06:33:10.271 +06:00 [INF] Request starting HTTP/2 GET https://localhost:7073/_framework/aspnetcore-browser-refresh.js - -
2022-08-08 06:33:10.278 +06:00 [INF] Request finished HTTP/2 GET https://localhost:7073/_framework/aspnetcore-browser-refresh.js - - - 200 11981 application/javascript;+charset=utf-8 6.5491ms
2022-08-08 06:33:10.609 +06:00 [INF] Request starting HTTP/2 GET https://localhost:7073/swagger/v1/swagger.json - -
2022-08-08 06:33:10.769 +06:00 [INF] Request finished HTTP/2 GET https://localhost:7073/swagger/v1/swagger.json - - - 200 - application/json;charset=utf-8 160.2064ms
2022-08-08 06:33:21.892 +06:00 [INF] Request starting HTTP/2 GET https://localhost:7073/swagger/index.html - -
2022-08-08 06:33:21.901 +06:00 [INF] Request finished HTTP/2 GET https://localhost:7073/swagger/index.html - - - 200 - text/html;charset=utf-8 8.8555ms
2022-08-08 06:33:21.928 +06:00 [INF] Request starting HTTP/2 GET https://localhost:7073/_framework/aspnetcore-browser-refresh.js - -
2022-08-08 06:33:21.929 +06:00 [INF] Request finished HTTP/2 GET https://localhost:7073/_framework/aspnetcore-browser-refresh.js - - - 200 11981 application/javascript;+charset=utf-8 0.6797ms
2022-08-08 06:33:22.212 +06:00 [INF] Request starting HTTP/2 GET https://localhost:7073/swagger/v1/swagger.json - -
2022-08-08 06:33:22.214 +06:00 [INF] Request finished HTTP/2 GET https://localhost:7073/swagger/v1/swagger.json - - - 200 - application/json;charset=utf-8 2.4526ms
2022-08-08 06:33:36.595 +06:00 [INF] Now listening on: https://localhost:7073
2022-08-08 06:33:36.672 +06:00 [INF] Now listening on: http://localhost:5073
2022-08-08 06:33:36.679 +06:00 [INF] Application started. Press Ctrl+C to shut down.
2022-08-08 06:33:36.681 +06:00 [INF] Hosting environment: Development
2022-08-08 06:33:36.681 +06:00 [INF] Content root path: G:\ASPDotNetWebAPI\HotelListing\HotelListing\
2022-08-08 06:33:37.766 +06:00 [INF] Request starting HTTP/2 GET https://localhost:7073/swagger/index.html - -
2022-08-08 06:33:39.960 +06:00 [INF] Request finished HTTP/2 GET https://localhost:7073/swagger/index.html - - - 200 - text/html;charset=utf-8 2199.0027ms
2022-08-08 06:33:40.536 +06:00 [INF] Request starting HTTP/2 GET https://localhost:7073/_framework/aspnetcore-browser-refresh.js - -
2022-08-08 06:33:40.550 +06:00 [INF] Request finished HTTP/2 GET https://localhost:7073/_framework/aspnetcore-browser-refresh.js - - - 200 11981 application/javascript;+charset=utf-8 13.1377ms
2022-08-08 06:33:41.061 +06:00 [INF] Request starting HTTP/2 GET https://localhost:7073/swagger/v1/swagger.json - -
2022-08-08 06:33:41.367 +06:00 [INF] Request finished HTTP/2 GET https://localhost:7073/swagger/v1/swagger.json - - - 200 - application/json;charset=utf-8 305.1619ms
2022-08-08 06:33:49.357 +06:00 [INF] Request starting HTTP/2 GET https://localhost:7073/api/Country/1 - -
2022-08-08 06:33:49.370 +06:00 [INF] Executing endpoint 'HotelListing.Controllers.CountryController.GetCountry (HotelListing)'
2022-08-08 06:33:49.445 +06:00 [INF] Route matched with {action = "GetCountry", controller = "Country"}. Executing controller action with signature System.Threading.Tasks.Task`1[Microsoft.AspNetCore.Mvc.ActionResult] GetCountry(Int32) on controller HotelListing.Controllers.CountryController (HotelListing).
2022-08-08 06:33:51.612 +06:00 [INF] Entity Framework Core 6.0.7 initialized 'DatabaseContext' using provider 'Microsoft.EntityFrameworkCore.SqlServer:6.0.7' with options: None
2022-08-08 06:33:52.106 +06:00 [ERR] Something went wrong in the GetCountry
System.InvalidOperationException: An error was generated for warning 'Microsoft.EntityFrameworkCore.Query.InvalidIncludePathError': Unable to find navigation 'Hotels' specified in string based include path 'Hotels'. This exception can be suppressed or logged by passing event ID 'CoreEventId.InvalidIncludePathError' to the 'ConfigureWarnings' method in 'DbContext.OnConfiguring' or 'AddDbContext'.
   at Microsoft.EntityFrameworkCore.Diagnostics.EventDefinition`2.Log[TLoggerCategory](IDiagnosticsLogger`1 logger, TParam1 arg1, TParam2 arg2)
   at Microsoft.EntityFrameworkCore.Diagnostics.CoreLoggerExtensions.InvalidIncludePathError(IDiagnosticsLogger`1 diagnostics, String navigationChain, String navigationName)
   at Microsoft.EntityFrameworkCore.Query.Internal.NavigationExpandingExpressionVisitor.ProcessInclude(NavigationExpansionExpression source, Expression expression, Boolean thenInclude, Boolean setLoaded)
   at Microsoft.EntityFrameworkCore.Query.Internal.NavigationExpandingExpressionVisitor.VisitMethodCall(MethodCallExpression methodCallExpression)
   at System.Linq.Expressions.MethodCallExpression.Accept(ExpressionVisitor visitor)
   at System.Linq.Expressions.ExpressionVisitor.Visit(Expression node)
   at Microsoft.EntityFrameworkCore.Query.Internal.NavigationExpandingExpressionVisitor.VisitMethodCall(MethodCallExpression methodCallExpression)
   at System.Linq.Expressions.MethodCallExpression.Accept(ExpressionVisitor visitor)
   at System.Linq.Expressions.ExpressionVisitor.Visit(Expression node)
   at Microsoft.EntityFrameworkCore.Query.Internal.NavigationExpandingExpressionVisitor.Expand(Expression query)
   at Microsoft.EntityFrameworkCore.Query.QueryTranslationPreprocessor.Process(Expression query)
   at Microsoft.EntityFrameworkCore.Query.QueryCompilationContext.CreateQueryExecutor[TResult](Expression query)
   at Microsoft.EntityFrameworkCore.Storage.Database.CompileQuery[TResult](Expression query, Boolean async)
   at Microsoft.EntityFrameworkCore.Query.Internal.QueryCompiler.CompileQueryCore[TResult](IDatabase database, Expression query, IModel model, Boolean async)
   at Microsoft.EntityFrameworkCore.Query.Internal.QueryCompiler.<>c__DisplayClass12_0`1.<ExecuteAsync>b__0()
   at Microsoft.EntityFrameworkCore.Query.Internal.CompiledQueryCache.GetOrAddQuery[TResult](Object cacheKey, Func`1 compiler)
   at Microsoft.EntityFrameworkCore.Query.Internal.QueryCompiler.ExecuteAsync[TResult](Expression query, CancellationToken cancellationToken)
   at Microsoft.EntityFrameworkCore.Query.Internal.EntityQueryProvider.ExecuteAsync[TResult](Expression expression, CancellationToken cancellationToken)
   at Microsoft.EntityFrameworkCore.EntityFrameworkQueryableExtensions.ExecuteAsync[TSource,TResult](MethodInfo operatorMethodInfo, IQueryable`1 source, Expression expression, CancellationToken cancellationToken)
   at Microsoft.EntityFrameworkCore.EntityFrameworkQueryableExtensions.ExecuteAsync[TSource,TResult](MethodInfo operatorMethodInfo, IQueryable`1 source, LambdaExpression expression, CancellationToken cancellationToken)
   at Microsoft.EntityFrameworkCore.EntityFrameworkQueryableExtensions.FirstOrDefaultAsync[TSource](IQueryable`1 source, Expression`1 predicate, CancellationToken cancellationToken)
   at HotelListing.Repository.GenericRepository`1.Get(Expression`1 expression, List`1 includes) in G:\ASPDotNetWebAPI\HotelListing\HotelListing\Repository\GenericRepository.cs:line 0
   at HotelListing.Controllers.CountryController.GetCountry(Int32 id) in G:\ASPDotNetWebAPI\HotelListing\HotelListing\Controllers\CountryController.cs:line 50
2022-08-08 06:33:52.262 +06:00 [INF] Executing ObjectResult, writing value of type 'System.String'.
2022-08-08 06:33:52.274 +06:00 [INF] Executed action HotelListing.Controllers.CountryController.GetCountry (HotelListing) in 2818.6073ms
2022-08-08 06:33:52.276 +06:00 [INF] Executed endpoint 'HotelListing.Controllers.CountryController.GetCountry (HotelListing)'
2022-08-08 06:33:52.287 +06:00 [INF] Request finished HTTP/2 GET https://localhost:7073/api/Country/1 - - - 500 - text/plain;+charset=utf-8 2930.3836ms
2022-08-08 06:33:57.966 +06:00 [INF] Request starting HTTP/2 GET https://localhost:7073/api/Country - -
2022-08-08 06:33:57.967 +06:00 [INF] Executing endpoint 'HotelListing.Controllers.CountryController.GetCountries (HotelListing)'
2022-08-08 06:33:57.972 +06:00 [INF] Route matched with {action = "GetCountries", controller = "Country"}. Executing controller action with signature System.Threading.Tasks.Task`1[Microsoft.AspNetCore.Mvc.ActionResult] GetCountries() on controller HotelListing.Controllers.CountryController (HotelListing).
2022-08-08 06:33:58.037 +06:00 [INF] Entity Framework Core 6.0.7 initialized 'DatabaseContext' using provider 'Microsoft.EntityFrameworkCore.SqlServer:6.0.7' with options: None
2022-08-08 06:33:59.578 +06:00 [INF] Executed DbCommand (132ms) [Parameters=[], CommandType='"Text"', CommandTimeout='30']
SELECT [c].[Id], [c].[Name], [c].[ShortName]
FROM [Countries] AS [c]
2022-08-08 06:33:59.667 +06:00 [INF] Executing OkObjectResult, writing value of type 'System.Collections.Generic.List`1[[HotelListing.Models.CountryDTO, HotelListing, Version=1.0.0.0, Culture=neutral, PublicKeyToken=null]]'.
2022-08-08 06:33:59.934 +06:00 [INF] Executed action HotelListing.Controllers.CountryController.GetCountries (HotelListing) in 1962.3073ms
2022-08-08 06:33:59.935 +06:00 [INF] Executed endpoint 'HotelListing.Controllers.CountryController.GetCountries (HotelListing)'
2022-08-08 06:33:59.937 +06:00 [INF] Request finished HTTP/2 GET https://localhost:7073/api/Country - - - 200 178 application/json;+charset=utf-8 1970.6809ms
2022-08-08 06:34:59.518 +06:00 [INF] Request starting HTTP/2 GET https://localhost:7073/api/Country/1 - -
2022-08-08 06:34:59.826 +06:00 [INF] Executing endpoint 'HotelListing.Controllers.CountryController.GetCountry (HotelListing)'
2022-08-08 06:34:59.827 +06:00 [INF] Route matched with {action = "GetCountry", controller = "Country"}. Executing controller action with signature System.Threading.Tasks.Task`1[Microsoft.AspNetCore.Mvc.ActionResult] GetCountry(Int32) on controller HotelListing.Controllers.CountryController (HotelListing).
2022-08-08 06:35:34.964 +06:00 [INF] Entity Framework Core 6.0.7 initialized 'DatabaseContext' using provider 'Microsoft.EntityFrameworkCore.SqlServer:6.0.7' with options: None
2022-08-08 06:46:40.298 +06:00 [ERR] Something went wrong in the GetCountry
System.InvalidOperationException: An error was generated for warning 'Microsoft.EntityFrameworkCore.Query.InvalidIncludePathError': Unable to find navigation 'Hotels' specified in string based include path 'Hotels'. This exception can be suppressed or logged by passing event ID 'CoreEventId.InvalidIncludePathError' to the 'ConfigureWarnings' method in 'DbContext.OnConfiguring' or 'AddDbContext'.
   at Microsoft.EntityFrameworkCore.Diagnostics.EventDefinition`2.Log[TLoggerCategory](IDiagnosticsLogger`1 logger, TParam1 arg1, TParam2 arg2)
   at Microsoft.EntityFrameworkCore.Diagnostics.CoreLoggerExtensions.InvalidIncludePathError(IDiagnosticsLogger`1 diagnostics, String navigationChain, String navigationName)
   at Microsoft.EntityFrameworkCore.Query.Internal.NavigationExpandingExpressionVisitor.ProcessInclude(NavigationExpansionExpression source, Expression expression, Boolean thenInclude, Boolean setLoaded)
   at Microsoft.EntityFrameworkCore.Query.Internal.NavigationExpandingExpressionVisitor.VisitMethodCall(MethodCallExpression methodCallExpression)
   at Microsoft.EntityFrameworkCore.Query.Internal.NavigationExpandingExpressionVisitor.VisitMethodCall(MethodCallExpression methodCallExpression)
   at Microsoft.EntityFrameworkCore.Query.Internal.NavigationExpandingExpressionVisitor.Expand(Expression query)
   at Microsoft.EntityFrameworkCore.Query.QueryTranslationPreprocessor.Process(Expression query)
   at Microsoft.EntityFrameworkCore.Query.QueryCompilationContext.CreateQueryExecutor[TResult](Expression query)
   at Microsoft.EntityFrameworkCore.Storage.Database.CompileQuery[TResult](Expression query, Boolean async)
   at Microsoft.EntityFrameworkCore.Query.Internal.QueryCompiler.CompileQueryCore[TResult](IDatabase database, Expression query, IModel model, Boolean async)
   at Microsoft.EntityFrameworkCore.Query.Internal.QueryCompiler.<>c__DisplayClass12_0`1.<ExecuteAsync>b__0()
   at Microsoft.EntityFrameworkCore.Query.Internal.CompiledQueryCache.GetOrAddQuery[TResult](Object cacheKey, Func`1 compiler)
   at Microsoft.EntityFrameworkCore.Query.Internal.QueryCompiler.ExecuteAsync[TResult](Expression query, CancellationToken cancellationToken)
   at Microsoft.EntityFrameworkCore.Query.Internal.EntityQueryProvider.ExecuteAsync[TResult](Expression expression, CancellationToken cancellationToken)
   at Microsoft.EntityFrameworkCore.EntityFrameworkQueryableExtensions.ExecuteAsync[TSource,TResult](MethodInfo operatorMethodInfo, IQueryable`1 source, Expression expression, CancellationToken cancellationToken)
   at Microsoft.EntityFrameworkCore.EntityFrameworkQueryableExtensions.ExecuteAsync[TSource,TResult](MethodInfo operatorMethodInfo, IQueryable`1 source, LambdaExpression expression, CancellationToken cancellationToken)
   at Microsoft.EntityFrameworkCore.EntityFrameworkQueryableExtensions.FirstOrDefaultAsync[TSource](IQueryable`1 source, Expression`1 predicate, CancellationToken cancellationToken)
   at HotelListing.Repository.GenericRepository`1.Get(Expression`1 expression, List`1 includes) in G:\ASPDotNetWebAPI\HotelListing\HotelListing\Repository\GenericRepository.cs:line 0
   at HotelListing.Controllers.CountryController.GetCountry(Int32 id) in G:\ASPDotNetWebAPI\HotelListing\HotelListing\Controllers\CountryController.cs:line 50
2022-08-08 06:46:40.328 +06:00 [INF] Executing ObjectResult, writing value of type 'System.String'.
2022-08-08 06:46:40.368 +06:00 [INF] Executed action HotelListing.Controllers.CountryController.GetCountry (HotelListing) in 700541.4026ms
2022-08-08 06:46:40.369 +06:00 [INF] Executed endpoint 'HotelListing.Controllers.CountryController.GetCountry (HotelListing)'
2022-08-08 06:46:40.369 +06:00 [INF] Request finished HTTP/2 GET https://localhost:7073/api/Country/1 - - - 500 - text/plain;+charset=utf-8 700850.9327ms
2022-08-08 06:46:47.429 +06:00 [INF] Request starting HTTP/2 GET https://localhost:7073/api/Country/1 - -
2022-08-08 06:46:47.430 +06:00 [INF] Executing endpoint 'HotelListing.Controllers.CountryController.GetCountry (HotelListing)'
2022-08-08 06:46:47.430 +06:00 [INF] Route matched with {action = "GetCountry", controller = "Country"}. Executing controller action with signature System.Threading.Tasks.Task`1[Microsoft.AspNetCore.Mvc.ActionResult] GetCountry(Int32) on controller HotelListing.Controllers.CountryController (HotelListing).
2022-08-08 06:47:19.324 +06:00 [INF] Entity Framework Core 6.0.7 initialized 'DatabaseContext' using provider 'Microsoft.EntityFrameworkCore.SqlServer:6.0.7' with options: None
2022-08-08 06:47:19.456 +06:00 [ERR] Something went wrong in the GetCountry
System.InvalidOperationException: An error was generated for warning 'Microsoft.EntityFrameworkCore.Query.InvalidIncludePathError': Unable to find navigation 'Hotels' specified in string based include path 'Hotels'. This exception can be suppressed or logged by passing event ID 'CoreEventId.InvalidIncludePathError' to the 'ConfigureWarnings' method in 'DbContext.OnConfiguring' or 'AddDbContext'.
   at Microsoft.EntityFrameworkCore.Diagnostics.EventDefinition`2.Log[TLoggerCategory](IDiagnosticsLogger`1 logger, TParam1 arg1, TParam2 arg2)
   at Microsoft.EntityFrameworkCore.Diagnostics.CoreLoggerExtensions.InvalidIncludePathError(IDiagnosticsLogger`1 diagnostics, String navigationChain, String navigationName)
   at Microsoft.EntityFrameworkCore.Query.Internal.NavigationExpandingExpressionVisitor.ProcessInclude(NavigationExpansionExpression source, Expression expression, Boolean thenInclude, Boolean setLoaded)
   at Microsoft.EntityFrameworkCore.Query.Internal.NavigationExpandingExpressionVisitor.VisitMethodCall(MethodCallExpression methodCallExpression)
   at Microsoft.EntityFrameworkCore.Query.Internal.NavigationExpandingExpressionVisitor.VisitMethodCall(MethodCallExpression methodCallExpression)
   at Microsoft.EntityFrameworkCore.Query.Internal.NavigationExpandingExpressionVisitor.Expand(Expression query)
   at Microsoft.EntityFrameworkCore.Query.QueryTranslationPreprocessor.Process(Expression query)
   at Microsoft.EntityFrameworkCore.Query.QueryCompilationContext.CreateQueryExecutor[TResult](Expression query)
   at Microsoft.EntityFrameworkCore.Storage.Database.CompileQuery[TResult](Expression query, Boolean async)
   at Microsoft.EntityFrameworkCore.Query.Internal.QueryCompiler.CompileQueryCore[TResult](IDatabase database, Expression query, IModel model, Boolean async)
   at Microsoft.EntityFrameworkCore.Query.Internal.QueryCompiler.<>c__DisplayClass12_0`1.<ExecuteAsync>b__0()
   at Microsoft.EntityFrameworkCore.Query.Internal.CompiledQueryCache.GetOrAddQuery[TResult](Object cacheKey, Func`1 compiler)
   at Microsoft.EntityFrameworkCore.Query.Internal.QueryCompiler.ExecuteAsync[TResult](Expression query, CancellationToken cancellationToken)
   at Microsoft.EntityFrameworkCore.Query.Internal.EntityQueryProvider.ExecuteAsync[TResult](Expression expression, CancellationToken cancellationToken)
   at Microsoft.EntityFrameworkCore.EntityFrameworkQueryableExtensions.ExecuteAsync[TSource,TResult](MethodInfo operatorMethodInfo, IQueryable`1 source, Expression expression, CancellationToken cancellationToken)
   at Microsoft.EntityFrameworkCore.EntityFrameworkQueryableExtensions.ExecuteAsync[TSource,TResult](MethodInfo operatorMethodInfo, IQueryable`1 source, LambdaExpression expression, CancellationToken cancellationToken)
   at Microsoft.EntityFrameworkCore.EntityFrameworkQueryableExtensions.FirstOrDefaultAsync[TSource](IQueryable`1 source, Expression`1 predicate, CancellationToken cancellationToken)
   at HotelListing.Repository.GenericRepository`1.Get(Expression`1 expression, List`1 includes) in G:\ASPDotNetWebAPI\HotelListing\HotelListing\Repository\GenericRepository.cs:line 0
   at HotelListing.Controllers.CountryController.GetCountry(Int32 id) in G:\ASPDotNetWebAPI\HotelListing\HotelListing\Controllers\CountryController.cs:line 50
2022-08-08 06:47:19.457 +06:00 [INF] Executing ObjectResult, writing value of type 'System.String'.
2022-08-08 06:47:19.457 +06:00 [INF] Executed action HotelListing.Controllers.CountryController.GetCountry (HotelListing) in 32027.5328ms
2022-08-08 06:47:19.457 +06:00 [INF] Executed endpoint 'HotelListing.Controllers.CountryController.GetCountry (HotelListing)'
2022-08-08 06:47:19.457 +06:00 [INF] Request finished HTTP/2 GET https://localhost:7073/api/Country/1 - - - 500 - text/plain;+charset=utf-8 32028.8299ms
2022-08-08 06:47:27.365 +06:00 [INF] Request starting HTTP/2 GET https://localhost:7073/api/Country/1 - -
2022-08-08 06:47:27.369 +06:00 [INF] Executing endpoint 'HotelListing.Controllers.CountryController.GetCountry (HotelListing)'
2022-08-08 06:47:27.370 +06:00 [INF] Route matched with {action = "GetCountry", controller = "Country"}. Executing controller action with signature System.Threading.Tasks.Task`1[Microsoft.AspNetCore.Mvc.ActionResult] GetCountry(Int32) on controller HotelListing.Controllers.CountryController (HotelListing).
2022-08-08 06:47:39.344 +06:00 [INF] Entity Framework Core 6.0.7 initialized 'DatabaseContext' using provider 'Microsoft.EntityFrameworkCore.SqlServer:6.0.7' with options: None
