2022-08-09 07:21:59.680 +06:00 [INF] User profile is available. Using 'C:\Users\User\AppData\Local\ASP.NET\DataProtection-Keys' as key repository and Windows DPAPI to encrypt keys at rest.
2022-08-09 07:22:00.049 +06:00 [INF] Now listening on: https://localhost:7073
2022-08-09 07:22:00.050 +06:00 [INF] Now listening on: http://localhost:5073
2022-08-09 07:22:00.056 +06:00 [INF] Application started. Press Ctrl+C to shut down.
2022-08-09 07:22:00.056 +06:00 [INF] Hosting environment: Development
2022-08-09 07:22:00.056 +06:00 [INF] Content root path: G:\ASPDotNetWebAPI\HotelListing\HotelListing\
2022-08-09 07:22:01.041 +06:00 [INF] Request starting HTTP/2 GET https://localhost:7073/swagger/index.html - -
2022-08-09 07:22:02.282 +06:00 [INF] Request starting HTTP/2 GET https://localhost:7073/_framework/aspnetcore-browser-refresh.js - -
2022-08-09 07:22:02.287 +06:00 [INF] Request finished HTTP/2 GET https://localhost:7073/swagger/index.html - - - 200 - text/html;charset=utf-8 1253.3343ms
2022-08-09 07:22:02.291 +06:00 [INF] Request finished HTTP/2 GET https://localhost:7073/_framework/aspnetcore-browser-refresh.js - - - 200 11982 application/javascript;+charset=utf-8 9.4910ms
2022-08-09 07:22:02.874 +06:00 [INF] Request starting HTTP/2 GET https://localhost:7073/swagger/v1/swagger.json - -
2022-08-09 07:22:03.058 +06:00 [INF] Request finished HTTP/2 GET https://localhost:7073/swagger/v1/swagger.json - - - 200 - application/json;charset=utf-8 183.8988ms
2022-08-09 07:25:08.893 +06:00 [INF] Request starting HTTP/2 POST https://localhost:7073/api/Account/register application/json-patch+json 166
2022-08-09 07:25:08.900 +06:00 [INF] CORS policy execution successful.
2022-08-09 07:25:08.909 +06:00 [INF] Executing endpoint 'HotelListing.Controllers.AccountController.Register (HotelListing)'
2022-08-09 07:25:08.963 +06:00 [INF] Route matched with {action = "Register", controller = "Account"}. Executing controller action with signature System.Threading.Tasks.Task`1[Microsoft.AspNetCore.Mvc.IActionResult] Register(HotelListing.Models.UserDTO) on controller HotelListing.Controllers.AccountController (HotelListing).
2022-08-09 07:25:09.658 +06:00 [INF] Registration Attempt for user@example.com
2022-08-09 07:25:09.685 +06:00 [WRN] User password validation failed: PasswordRequiresNonAlphanumeric;PasswordRequiresDigit;PasswordRequiresUpper.
2022-08-09 07:25:09.694 +06:00 [INF] Executing BadRequestObjectResult, writing value of type 'Microsoft.AspNetCore.Mvc.SerializableError'.
2022-08-09 07:25:09.751 +06:00 [INF] Executed action HotelListing.Controllers.AccountController.Register (HotelListing) in 780.2476ms
2022-08-09 07:25:09.752 +06:00 [INF] Executed endpoint 'HotelListing.Controllers.AccountController.Register (HotelListing)'
2022-08-09 07:25:09.755 +06:00 [INF] Request finished HTTP/2 POST https://localhost:7073/api/Account/register application/json-patch+json 166 - 400 260 application/json;+charset=utf-8 861.9555ms
2022-08-09 07:27:49.826 +06:00 [INF] Request starting HTTP/2 POST https://localhost:7073/api/Account/register application/json-patch+json 166
2022-08-09 07:27:49.828 +06:00 [INF] CORS policy execution successful.
2022-08-09 07:27:49.828 +06:00 [INF] Executing endpoint 'HotelListing.Controllers.AccountController.Register (HotelListing)'
2022-08-09 07:27:49.829 +06:00 [INF] Route matched with {action = "Register", controller = "Account"}. Executing controller action with signature System.Threading.Tasks.Task`1[Microsoft.AspNetCore.Mvc.IActionResult] Register(HotelListing.Models.UserDTO) on controller HotelListing.Controllers.AccountController (HotelListing).
2022-08-09 07:27:49.942 +06:00 [INF] Registration Attempt for user@example.com
2022-08-09 07:27:49.943 +06:00 [WRN] User password validation failed: PasswordRequiresDigit.
2022-08-09 07:27:49.943 +06:00 [INF] Executing BadRequestObjectResult, writing value of type 'Microsoft.AspNetCore.Mvc.SerializableError'.
2022-08-09 07:27:49.944 +06:00 [INF] Executed action HotelListing.Controllers.AccountController.Register (HotelListing) in 115.1038ms
2022-08-09 07:27:49.944 +06:00 [INF] Executed endpoint 'HotelListing.Controllers.AccountController.Register (HotelListing)'
2022-08-09 07:27:49.944 +06:00 [INF] Request finished HTTP/2 POST https://localhost:7073/api/Account/register application/json-patch+json 166 - 400 79 application/json;+charset=utf-8 118.7677ms
2022-08-09 07:28:05.387 +06:00 [INF] Request starting HTTP/2 POST https://localhost:7073/api/Account/register application/json-patch+json 166
2022-08-09 07:28:05.389 +06:00 [INF] CORS policy execution successful.
2022-08-09 07:28:05.389 +06:00 [INF] Executing endpoint 'HotelListing.Controllers.AccountController.Register (HotelListing)'
2022-08-09 07:28:05.389 +06:00 [INF] Route matched with {action = "Register", controller = "Account"}. Executing controller action with signature System.Threading.Tasks.Task`1[Microsoft.AspNetCore.Mvc.IActionResult] Register(HotelListing.Models.UserDTO) on controller HotelListing.Controllers.AccountController (HotelListing).
2022-08-09 07:28:05.403 +06:00 [INF] Registration Attempt for user@examplecom
2022-08-09 07:28:06.728 +06:00 [INF] Entity Framework Core 6.0.7 initialized 'DatabaseContext' using provider 'Microsoft.EntityFrameworkCore.SqlServer:6.0.7' with options: None
2022-08-09 07:28:07.791 +06:00 [ERR] Failed executing DbCommand (567ms) [Parameters=[@__normalizedUserName_0='?' (Size = 256)], CommandType='"Text"', CommandTimeout='30']
SELECT TOP(1) [a].[Id], [a].[AccessFailedCount], [a].[ConcurrencyStamp], [a].[Email], [a].[EmailConfirmed], [a].[FirstName], [a].[LastName], [a].[LockoutEnabled], [a].[LockoutEnd], [a].[NormalizedEmail], [a].[NormalizedUserName], [a].[PasswordHash], [a].[PhoneNumber], [a].[PhoneNumberConfirmed], [a].[SecurityStamp], [a].[TwoFactorEnabled], [a].[UserName]
FROM [AspNetUsers] AS [a]
WHERE [a].[NormalizedUserName] = @__normalizedUserName_0
2022-08-09 07:28:07.945 +06:00 [ERR] An exception occurred while iterating over the results of a query for context type 'HotelListing.Data.DatabaseContext'.
Microsoft.Data.SqlClient.SqlException (0x80131904): Invalid object name 'AspNetUsers'.
   at Microsoft.Data.SqlClient.SqlCommand.<>c.<ExecuteDbDataReaderAsync>b__188_0(Task`1 result)
   at System.Threading.Tasks.ContinuationResultTaskFromResultTask`2.InnerInvoke()
   at System.Threading.Tasks.Task.<>c.<.cctor>b__272_0(Object obj)
   at System.Threading.ExecutionContext.RunInternal(ExecutionContext executionContext, ContextCallback callback, Object state)
--- End of stack trace from previous location ---
   at System.Threading.Tasks.Task.ExecuteWithThreadLocal(Task& currentTaskSlot, Thread threadPoolThread)
--- End of stack trace from previous location ---
   at Microsoft.EntityFrameworkCore.Storage.RelationalCommand.ExecuteReaderAsync(RelationalCommandParameterObject parameterObject, CancellationToken cancellationToken)
   at Microsoft.EntityFrameworkCore.Storage.RelationalCommand.ExecuteReaderAsync(RelationalCommandParameterObject parameterObject, CancellationToken cancellationToken)
   at Microsoft.EntityFrameworkCore.Query.Internal.SingleQueryingEnumerable`1.AsyncEnumerator.InitializeReaderAsync(AsyncEnumerator enumerator, CancellationToken cancellationToken)
   at Microsoft.EntityFrameworkCore.SqlServer.Storage.Internal.SqlServerExecutionStrategy.ExecuteAsync[TState,TResult](TState state, Func`4 operation, Func`4 verifySucceeded, CancellationToken cancellationToken)
   at Microsoft.EntityFrameworkCore.Query.Internal.SingleQueryingEnumerable`1.AsyncEnumerator.MoveNextAsync()
ClientConnectionId:f70c4091-03c4-4fa3-8b43-c5ef256b4d32
Error Number:208,State:1,Class:16
Microsoft.Data.SqlClient.SqlException (0x80131904): Invalid object name 'AspNetUsers'.
   at Microsoft.Data.SqlClient.SqlCommand.<>c.<ExecuteDbDataReaderAsync>b__188_0(Task`1 result)
   at System.Threading.Tasks.ContinuationResultTaskFromResultTask`2.InnerInvoke()
   at System.Threading.Tasks.Task.<>c.<.cctor>b__272_0(Object obj)
   at System.Threading.ExecutionContext.RunInternal(ExecutionContext executionContext, ContextCallback callback, Object state)
--- End of stack trace from previous location ---
   at System.Threading.Tasks.Task.ExecuteWithThreadLocal(Task& currentTaskSlot, Thread threadPoolThread)
--- End of stack trace from previous location ---
   at Microsoft.EntityFrameworkCore.Storage.RelationalCommand.ExecuteReaderAsync(RelationalCommandParameterObject parameterObject, CancellationToken cancellationToken)
   at Microsoft.EntityFrameworkCore.Storage.RelationalCommand.ExecuteReaderAsync(RelationalCommandParameterObject parameterObject, CancellationToken cancellationToken)
   at Microsoft.EntityFrameworkCore.Query.Internal.SingleQueryingEnumerable`1.AsyncEnumerator.InitializeReaderAsync(AsyncEnumerator enumerator, CancellationToken cancellationToken)
   at Microsoft.EntityFrameworkCore.SqlServer.Storage.Internal.SqlServerExecutionStrategy.ExecuteAsync[TState,TResult](TState state, Func`4 operation, Func`4 verifySucceeded, CancellationToken cancellationToken)
   at Microsoft.EntityFrameworkCore.Query.Internal.SingleQueryingEnumerable`1.AsyncEnumerator.MoveNextAsync()
ClientConnectionId:f70c4091-03c4-4fa3-8b43-c5ef256b4d32
Error Number:208,State:1,Class:16
2022-08-09 07:28:07.953 +06:00 [INF] Something Went Wrong in the Register
Microsoft.Data.SqlClient.SqlException (0x80131904): Invalid object name 'AspNetUsers'.
   at Microsoft.Data.SqlClient.SqlCommand.<>c.<ExecuteDbDataReaderAsync>b__188_0(Task`1 result)
   at System.Threading.Tasks.ContinuationResultTaskFromResultTask`2.InnerInvoke()
   at System.Threading.Tasks.Task.<>c.<.cctor>b__272_0(Object obj)
   at System.Threading.ExecutionContext.RunInternal(ExecutionContext executionContext, ContextCallback callback, Object state)
--- End of stack trace from previous location ---
   at System.Threading.Tasks.Task.ExecuteWithThreadLocal(Task& currentTaskSlot, Thread threadPoolThread)
--- End of stack trace from previous location ---
   at Microsoft.EntityFrameworkCore.Storage.RelationalCommand.ExecuteReaderAsync(RelationalCommandParameterObject parameterObject, CancellationToken cancellationToken)
   at Microsoft.EntityFrameworkCore.Storage.RelationalCommand.ExecuteReaderAsync(RelationalCommandParameterObject parameterObject, CancellationToken cancellationToken)
   at Microsoft.EntityFrameworkCore.Query.Internal.SingleQueryingEnumerable`1.AsyncEnumerator.InitializeReaderAsync(AsyncEnumerator enumerator, CancellationToken cancellationToken)
   at Microsoft.EntityFrameworkCore.SqlServer.Storage.Internal.SqlServerExecutionStrategy.ExecuteAsync[TState,TResult](TState state, Func`4 operation, Func`4 verifySucceeded, CancellationToken cancellationToken)
   at Microsoft.EntityFrameworkCore.Query.Internal.SingleQueryingEnumerable`1.AsyncEnumerator.MoveNextAsync()
   at Microsoft.EntityFrameworkCore.Query.ShapedQueryCompilingExpressionVisitor.SingleOrDefaultAsync[TSource](IAsyncEnumerable`1 asyncEnumerable, CancellationToken cancellationToken)
   at Microsoft.EntityFrameworkCore.Query.ShapedQueryCompilingExpressionVisitor.SingleOrDefaultAsync[TSource](IAsyncEnumerable`1 asyncEnumerable, CancellationToken cancellationToken)
   at Microsoft.AspNetCore.Identity.UserManager`1.FindByNameAsync(String userName)
   at Microsoft.AspNetCore.Identity.UserValidator`1.ValidateUserName(UserManager`1 manager, TUser user, ICollection`1 errors)
   at Microsoft.AspNetCore.Identity.UserValidator`1.ValidateAsync(UserManager`1 manager, TUser user)
   at Microsoft.AspNetCore.Identity.UserManager`1.ValidateUserAsync(TUser user)
   at Microsoft.AspNetCore.Identity.UserManager`1.CreateAsync(TUser user)
   at Microsoft.AspNetCore.Identity.UserManager`1.CreateAsync(TUser user, String password)
   at HotelListing.Controllers.AccountController.Register(UserDTO userDTO) in G:\ASPDotNetWebAPI\HotelListing\HotelListing\Controllers\AccountController.cs:line 38
ClientConnectionId:f70c4091-03c4-4fa3-8b43-c5ef256b4d32
Error Number:208,State:1,Class:16
2022-08-09 07:28:07.999 +06:00 [INF] Executing ObjectResult, writing value of type 'Microsoft.AspNetCore.Mvc.ProblemDetails'.
2022-08-09 07:28:08.031 +06:00 [INF] Executed action HotelListing.Controllers.AccountController.Register (HotelListing) in 2642.1924ms
2022-08-09 07:28:08.032 +06:00 [INF] Executed endpoint 'HotelListing.Controllers.AccountController.Register (HotelListing)'
2022-08-09 07:28:08.036 +06:00 [INF] Request finished HTTP/2 POST https://localhost:7073/api/Account/register application/json-patch+json 166 - 500 248 application/problem+json;+charset=utf-8 2648.3951ms
2022-08-09 07:28:26.787 +06:00 [INF] Request starting HTTP/2 POST https://localhost:7073/api/Account/register application/json-patch+json 167
2022-08-09 07:28:26.787 +06:00 [INF] CORS policy execution successful.
2022-08-09 07:28:26.787 +06:00 [INF] Executing endpoint 'HotelListing.Controllers.AccountController.Register (HotelListing)'
2022-08-09 07:28:26.787 +06:00 [INF] Route matched with {action = "Register", controller = "Account"}. Executing controller action with signature System.Threading.Tasks.Task`1[Microsoft.AspNetCore.Mvc.IActionResult] Register(HotelListing.Models.UserDTO) on controller HotelListing.Controllers.AccountController (HotelListing).
2022-08-09 07:28:26.788 +06:00 [INF] Registration Attempt for user@example.com
2022-08-09 07:28:26.861 +06:00 [INF] Entity Framework Core 6.0.7 initialized 'DatabaseContext' using provider 'Microsoft.EntityFrameworkCore.SqlServer:6.0.7' with options: None
2022-08-09 07:28:26.873 +06:00 [ERR] Failed executing DbCommand (8ms) [Parameters=[@__normalizedUserName_0='?' (Size = 256)], CommandType='"Text"', CommandTimeout='30']
SELECT TOP(1) [a].[Id], [a].[AccessFailedCount], [a].[ConcurrencyStamp], [a].[Email], [a].[EmailConfirmed], [a].[FirstName], [a].[LastName], [a].[LockoutEnabled], [a].[LockoutEnd], [a].[NormalizedEmail], [a].[NormalizedUserName], [a].[PasswordHash], [a].[PhoneNumber], [a].[PhoneNumberConfirmed], [a].[SecurityStamp], [a].[TwoFactorEnabled], [a].[UserName]
FROM [AspNetUsers] AS [a]
WHERE [a].[NormalizedUserName] = @__normalizedUserName_0
2022-08-09 07:28:26.875 +06:00 [ERR] An exception occurred while iterating over the results of a query for context type 'HotelListing.Data.DatabaseContext'.
Microsoft.Data.SqlClient.SqlException (0x80131904): Invalid object name 'AspNetUsers'.
   at Microsoft.Data.SqlClient.SqlCommand.<>c.<ExecuteDbDataReaderAsync>b__188_0(Task`1 result)
   at System.Threading.Tasks.ContinuationResultTaskFromResultTask`2.InnerInvoke()
   at System.Threading.Tasks.Task.<>c.<.cctor>b__272_0(Object obj)
   at System.Threading.ExecutionContext.RunInternal(ExecutionContext executionContext, ContextCallback callback, Object state)
--- End of stack trace from previous location ---
   at System.Threading.Tasks.Task.ExecuteWithThreadLocal(Task& currentTaskSlot, Thread threadPoolThread)
--- End of stack trace from previous location ---
   at Microsoft.EntityFrameworkCore.Storage.RelationalCommand.ExecuteReaderAsync(RelationalCommandParameterObject parameterObject, CancellationToken cancellationToken)
   at Microsoft.EntityFrameworkCore.Storage.RelationalCommand.ExecuteReaderAsync(RelationalCommandParameterObject parameterObject, CancellationToken cancellationToken)
   at Microsoft.EntityFrameworkCore.Query.Internal.SingleQueryingEnumerable`1.AsyncEnumerator.InitializeReaderAsync(AsyncEnumerator enumerator, CancellationToken cancellationToken)
   at Microsoft.EntityFrameworkCore.SqlServer.Storage.Internal.SqlServerExecutionStrategy.ExecuteAsync[TState,TResult](TState state, Func`4 operation, Func`4 verifySucceeded, CancellationToken cancellationToken)
   at Microsoft.EntityFrameworkCore.Query.Internal.SingleQueryingEnumerable`1.AsyncEnumerator.MoveNextAsync()
ClientConnectionId:f70c4091-03c4-4fa3-8b43-c5ef256b4d32
Error Number:208,State:1,Class:16
Microsoft.Data.SqlClient.SqlException (0x80131904): Invalid object name 'AspNetUsers'.
   at Microsoft.Data.SqlClient.SqlCommand.<>c.<ExecuteDbDataReaderAsync>b__188_0(Task`1 result)
   at System.Threading.Tasks.ContinuationResultTaskFromResultTask`2.InnerInvoke()
   at System.Threading.Tasks.Task.<>c.<.cctor>b__272_0(Object obj)
   at System.Threading.ExecutionContext.RunInternal(ExecutionContext executionContext, ContextCallback callback, Object state)
--- End of stack trace from previous location ---
   at System.Threading.Tasks.Task.ExecuteWithThreadLocal(Task& currentTaskSlot, Thread threadPoolThread)
--- End of stack trace from previous location ---
   at Microsoft.EntityFrameworkCore.Storage.RelationalCommand.ExecuteReaderAsync(RelationalCommandParameterObject parameterObject, CancellationToken cancellationToken)
   at Microsoft.EntityFrameworkCore.Storage.RelationalCommand.ExecuteReaderAsync(RelationalCommandParameterObject parameterObject, CancellationToken cancellationToken)
   at Microsoft.EntityFrameworkCore.Query.Internal.SingleQueryingEnumerable`1.AsyncEnumerator.InitializeReaderAsync(AsyncEnumerator enumerator, CancellationToken cancellationToken)
   at Microsoft.EntityFrameworkCore.SqlServer.Storage.Internal.SqlServerExecutionStrategy.ExecuteAsync[TState,TResult](TState state, Func`4 operation, Func`4 verifySucceeded, CancellationToken cancellationToken)
   at Microsoft.EntityFrameworkCore.Query.Internal.SingleQueryingEnumerable`1.AsyncEnumerator.MoveNextAsync()
ClientConnectionId:f70c4091-03c4-4fa3-8b43-c5ef256b4d32
Error Number:208,State:1,Class:16
2022-08-09 07:28:26.876 +06:00 [INF] Something Went Wrong in the Register
Microsoft.Data.SqlClient.SqlException (0x80131904): Invalid object name 'AspNetUsers'.
   at Microsoft.Data.SqlClient.SqlCommand.<>c.<ExecuteDbDataReaderAsync>b__188_0(Task`1 result)
   at System.Threading.Tasks.ContinuationResultTaskFromResultTask`2.InnerInvoke()
   at System.Threading.Tasks.Task.<>c.<.cctor>b__272_0(Object obj)
   at System.Threading.ExecutionContext.RunInternal(ExecutionContext executionContext, ContextCallback callback, Object state)
--- End of stack trace from previous location ---
   at System.Threading.Tasks.Task.ExecuteWithThreadLocal(Task& currentTaskSlot, Thread threadPoolThread)
--- End of stack trace from previous location ---
   at Microsoft.EntityFrameworkCore.Storage.RelationalCommand.ExecuteReaderAsync(RelationalCommandParameterObject parameterObject, CancellationToken cancellationToken)
   at Microsoft.EntityFrameworkCore.Storage.RelationalCommand.ExecuteReaderAsync(RelationalCommandParameterObject parameterObject, CancellationToken cancellationToken)
   at Microsoft.EntityFrameworkCore.Query.Internal.SingleQueryingEnumerable`1.AsyncEnumerator.InitializeReaderAsync(AsyncEnumerator enumerator, CancellationToken cancellationToken)
   at Microsoft.EntityFrameworkCore.SqlServer.Storage.Internal.SqlServerExecutionStrategy.ExecuteAsync[TState,TResult](TState state, Func`4 operation, Func`4 verifySucceeded, CancellationToken cancellationToken)
   at Microsoft.EntityFrameworkCore.Query.Internal.SingleQueryingEnumerable`1.AsyncEnumerator.MoveNextAsync()
   at Microsoft.EntityFrameworkCore.Query.ShapedQueryCompilingExpressionVisitor.SingleOrDefaultAsync[TSource](IAsyncEnumerable`1 asyncEnumerable, CancellationToken cancellationToken)
   at Microsoft.EntityFrameworkCore.Query.ShapedQueryCompilingExpressionVisitor.SingleOrDefaultAsync[TSource](IAsyncEnumerable`1 asyncEnumerable, CancellationToken cancellationToken)
   at Microsoft.AspNetCore.Identity.UserManager`1.FindByNameAsync(String userName)
   at Microsoft.AspNetCore.Identity.UserValidator`1.ValidateUserName(UserManager`1 manager, TUser user, ICollection`1 errors)
   at Microsoft.AspNetCore.Identity.UserValidator`1.ValidateAsync(UserManager`1 manager, TUser user)
   at Microsoft.AspNetCore.Identity.UserManager`1.ValidateUserAsync(TUser user)
   at Microsoft.AspNetCore.Identity.UserManager`1.CreateAsync(TUser user)
   at Microsoft.AspNetCore.Identity.UserManager`1.CreateAsync(TUser user, String password)
   at HotelListing.Controllers.AccountController.Register(UserDTO userDTO) in G:\ASPDotNetWebAPI\HotelListing\HotelListing\Controllers\AccountController.cs:line 38
ClientConnectionId:f70c4091-03c4-4fa3-8b43-c5ef256b4d32
Error Number:208,State:1,Class:16
2022-08-09 07:28:26.879 +06:00 [INF] Executing ObjectResult, writing value of type 'Microsoft.AspNetCore.Mvc.ProblemDetails'.
2022-08-09 07:28:26.879 +06:00 [INF] Executed action HotelListing.Controllers.AccountController.Register (HotelListing) in 91.7718ms
2022-08-09 07:28:26.879 +06:00 [INF] Executed endpoint 'HotelListing.Controllers.AccountController.Register (HotelListing)'
2022-08-09 07:28:26.880 +06:00 [INF] Request finished HTTP/2 POST https://localhost:7073/api/Account/register application/json-patch+json 167 - 500 248 application/problem+json;+charset=utf-8 92.7489ms
2022-08-09 07:45:06.685 +06:00 [INF] User profile is available. Using 'C:\Users\User\AppData\Local\ASP.NET\DataProtection-Keys' as key repository and Windows DPAPI to encrypt keys at rest.
2022-08-09 07:45:06.968 +06:00 [INF] Now listening on: https://localhost:7073
2022-08-09 07:45:06.969 +06:00 [INF] Now listening on: http://localhost:5073
2022-08-09 07:45:06.973 +06:00 [INF] Application started. Press Ctrl+C to shut down.
2022-08-09 07:45:06.973 +06:00 [INF] Hosting environment: Development
2022-08-09 07:45:06.973 +06:00 [INF] Content root path: G:\ASPDotNetWebAPI\HotelListing\HotelListing\
2022-08-09 07:45:07.275 +06:00 [INF] Request starting HTTP/2 GET https://localhost:7073/swagger/index.html - -
2022-08-09 07:45:07.628 +06:00 [INF] Request finished HTTP/2 GET https://localhost:7073/swagger/index.html - - - 200 - text/html;charset=utf-8 356.8619ms
2022-08-09 07:45:07.642 +06:00 [INF] Request starting HTTP/2 GET https://localhost:7073/_framework/aspnetcore-browser-refresh.js - -
2022-08-09 07:45:07.648 +06:00 [INF] Request finished HTTP/2 GET https://localhost:7073/_framework/aspnetcore-browser-refresh.js - - - 200 11982 application/javascript;+charset=utf-8 5.4144ms
2022-08-09 07:45:08.479 +06:00 [INF] Request starting HTTP/2 GET https://localhost:7073/swagger/v1/swagger.json - -
2022-08-09 07:45:08.694 +06:00 [INF] Request finished HTTP/2 GET https://localhost:7073/swagger/v1/swagger.json - - - 200 - application/json;charset=utf-8 214.5703ms
