2022-08-07 07:32:02.837 +06:00 [INF] Now listening on: https://localhost:7073
2022-08-07 07:32:02.893 +06:00 [INF] Now listening on: http://localhost:5073
2022-08-07 07:32:02.899 +06:00 [INF] Application started. Press Ctrl+C to shut down.
2022-08-07 07:32:02.900 +06:00 [INF] Hosting environment: Development
2022-08-07 07:32:02.900 +06:00 [INF] Content root path: G:\ASPDotNetWebAPI\HotelListing\HotelListing\
2022-08-07 07:32:04.281 +06:00 [INF] Request starting HTTP/2 GET https://localhost:7073/swagger/index.html - -
2022-08-07 07:32:04.838 +06:00 [INF] Request starting HTTP/2 GET https://localhost:7073/_framework/aspnetcore-browser-refresh.js - -
2022-08-07 07:32:04.841 +06:00 [INF] Request finished HTTP/2 GET https://localhost:7073/swagger/index.html - - - 200 - text/html;charset=utf-8 566.5745ms
2022-08-07 07:32:04.845 +06:00 [INF] Request finished HTTP/2 GET https://localhost:7073/_framework/aspnetcore-browser-refresh.js - - - 200 11981 application/javascript;+charset=utf-8 6.1500ms
2022-08-07 07:32:05.308 +06:00 [INF] Request starting HTTP/2 GET https://localhost:7073/swagger/v1/swagger.json - -
2022-08-07 07:32:05.506 +06:00 [INF] Request finished HTTP/2 GET https://localhost:7073/swagger/v1/swagger.json - - - 200 - application/json;charset=utf-8 198.4844ms
2022-08-07 07:33:13.226 +06:00 [INF] Request starting HTTP/2 GET https://localhost:7073/api/Country - -
2022-08-07 07:33:13.236 +06:00 [INF] Executing endpoint 'HotelListing.Controllers.CountryController.GetCountries (HotelListing)'
2022-08-07 07:33:13.271 +06:00 [INF] Route matched with {action = "GetCountries", controller = "Country"}. Executing controller action with signature System.Threading.Tasks.Task`1[Microsoft.AspNetCore.Mvc.ActionResult] GetCountries() on controller HotelListing.Controllers.CountryController (HotelListing).
2022-08-07 07:33:15.105 +06:00 [INF] Entity Framework Core 6.0.7 initialized 'DatabaseContext' using provider 'Microsoft.EntityFrameworkCore.SqlServer:6.0.7' with options: None
2022-08-07 07:33:17.364 +06:00 [INF] Executed DbCommand (129ms) [Parameters=[], CommandType='"Text"', CommandTimeout='30']
SELECT [c].[Id], [c].[Name], [c].[ShortName]
FROM [Countries] AS [c]
2022-08-07 07:33:17.448 +06:00 [INF] Executing OkObjectResult, writing value of type 'System.Collections.Generic.List`1[[HotelListing.Models.CountryDTO, HotelListing, Version=1.0.0.0, Culture=neutral, PublicKeyToken=null]]'.
2022-08-07 07:33:17.672 +06:00 [INF] Executed action HotelListing.Controllers.CountryController.GetCountries (HotelListing) in 4390.4874ms
2022-08-07 07:33:17.673 +06:00 [INF] Executed endpoint 'HotelListing.Controllers.CountryController.GetCountries (HotelListing)'
2022-08-07 07:33:17.680 +06:00 [INF] Request finished HTTP/2 GET https://localhost:7073/api/Country - - - 200 178 application/json;+charset=utf-8 4453.5460ms
2022-08-07 07:33:31.993 +06:00 [INF] Request starting HTTP/2 GET https://localhost:7073/api/Country/1 - -
2022-08-07 07:33:31.994 +06:00 [INF] Executing endpoint 'HotelListing.Controllers.CountryController.GetCountry (HotelListing)'
2022-08-07 07:33:32.016 +06:00 [INF] Route matched with {action = "GetCountry", controller = "Country"}. Executing controller action with signature System.Threading.Tasks.Task`1[Microsoft.AspNetCore.Mvc.ActionResult] GetCountry(Int32) on controller HotelListing.Controllers.CountryController (HotelListing).
2022-08-07 07:33:32.093 +06:00 [INF] Entity Framework Core 6.0.7 initialized 'DatabaseContext' using provider 'Microsoft.EntityFrameworkCore.SqlServer:6.0.7' with options: None
2022-08-07 07:33:32.124 +06:00 [ERR] Something went wrong in the GetCountry
System.InvalidOperationException: An error was generated for warning 'Microsoft.EntityFrameworkCore.Query.InvalidIncludePathError': Unable to find navigation 'Hotels' specified in string based include path 'Hotels'. This exception can be suppressed or logged by passing event ID 'CoreEventId.InvalidIncludePathError' to the 'ConfigureWarnings' method in 'DbContext.OnConfiguring' or 'AddDbContext'.
   at Microsoft.EntityFrameworkCore.Diagnostics.EventDefinition`2.Log[TLoggerCategory](IDiagnosticsLogger`1 logger, TParam1 arg1, TParam2 arg2)
   at Microsoft.EntityFrameworkCore.Diagnostics.CoreLoggerExtensions.InvalidIncludePathError(IDiagnosticsLogger`1 diagnostics, String navigationChain, String navigationName)
   at Microsoft.EntityFrameworkCore.Query.Internal.NavigationExpandingExpressionVisitor.ProcessInclude(NavigationExpansionExpression source, Expression expression, Boolean thenInclude, Boolean setLoaded)
   at Microsoft.EntityFrameworkCore.Query.Internal.NavigationExpandingExpressionVisitor.VisitMethodCall(MethodCallExpression methodCallExpression)
   at Microsoft.EntityFrameworkCore.Query.Internal.NavigationExpandingExpressionVisitor.VisitMethodCall(MethodCallExpression methodCallExpression)
   at Microsoft.EntityFrameworkCore.Query.Internal.NavigationExpandingExpressionVisitor.Expand(Expression query)
   at Microsoft.EntityFrameworkCore.Query.QueryTranslationPreprocessor.Process(Expression query)
   at Microsoft.EntityFrameworkCore.Query.QueryCompilationContext.CreateQueryExecutor[TResult](Expression query)
   at Microsoft.EntityFrameworkCore.Storage.Database.CompileQuery[TResult](Expression query, Boolean async)
   at Microsoft.EntityFrameworkCore.Query.Internal.QueryCompiler.CompileQueryCore[TResult](IDatabase database, Expression query, IModel model, Boolean async)
   at Microsoft.EntityFrameworkCore.Query.Internal.QueryCompiler.<>c__DisplayClass12_0`1.<ExecuteAsync>b__0()
   at Microsoft.EntityFrameworkCore.Query.Internal.CompiledQueryCache.GetOrAddQuery[TResult](Object cacheKey, Func`1 compiler)
   at Microsoft.EntityFrameworkCore.Query.Internal.QueryCompiler.ExecuteAsync[TResult](Expression query, CancellationToken cancellationToken)
   at Microsoft.EntityFrameworkCore.Query.Internal.EntityQueryProvider.ExecuteAsync[TResult](Expression expression, CancellationToken cancellationToken)
   at Microsoft.EntityFrameworkCore.EntityFrameworkQueryableExtensions.ExecuteAsync[TSource,TResult](MethodInfo operatorMethodInfo, IQueryable`1 source, Expression expression, CancellationToken cancellationToken)
   at Microsoft.EntityFrameworkCore.EntityFrameworkQueryableExtensions.ExecuteAsync[TSource,TResult](MethodInfo operatorMethodInfo, IQueryable`1 source, LambdaExpression expression, CancellationToken cancellationToken)
   at Microsoft.EntityFrameworkCore.EntityFrameworkQueryableExtensions.FirstOrDefaultAsync[TSource](IQueryable`1 source, Expression`1 predicate, CancellationToken cancellationToken)
   at HotelListing.Repository.GenericRepository`1.Get(Expression`1 expression, List`1 includes) in G:\ASPDotNetWebAPI\HotelListing\HotelListing\Repository\GenericRepository.cs:line 0
   at HotelListing.Controllers.CountryController.GetCountry(Int32 id) in G:\ASPDotNetWebAPI\HotelListing\HotelListing\Controllers\CountryController.cs:line 46
2022-08-07 07:33:32.263 +06:00 [INF] Executing ObjectResult, writing value of type 'System.String'.
2022-08-07 07:33:32.263 +06:00 [INF] Executed action HotelListing.Controllers.CountryController.GetCountry (HotelListing) in 247.1543ms
2022-08-07 07:33:32.263 +06:00 [INF] Executed endpoint 'HotelListing.Controllers.CountryController.GetCountry (HotelListing)'
2022-08-07 07:33:32.264 +06:00 [INF] Request finished HTTP/2 GET https://localhost:7073/api/Country/1 - - - 500 - text/plain;+charset=utf-8 270.7558ms
2022-08-07 07:41:56.121 +06:00 [INF] Request starting HTTP/2 GET https://localhost:7073/swagger/index.html - -
2022-08-07 07:41:56.131 +06:00 [INF] Request finished HTTP/2 GET https://localhost:7073/swagger/index.html - - - 200 - text/html;charset=utf-8 9.7702ms
2022-08-07 07:41:56.173 +06:00 [INF] Request starting HTTP/2 GET https://localhost:7073/swagger/swagger-ui.css - -
2022-08-07 07:41:56.175 +06:00 [INF] Request starting HTTP/2 GET https://localhost:7073/swagger/swagger-ui-bundle.js - -
2022-08-07 07:41:56.175 +06:00 [INF] Request starting HTTP/2 GET https://localhost:7073/swagger/swagger-ui-standalone-preset.js - -
2022-08-07 07:41:56.176 +06:00 [INF] Request starting HTTP/2 GET https://localhost:7073/_framework/aspnetcore-browser-refresh.js - -
2022-08-07 07:41:56.176 +06:00 [INF] Request finished HTTP/2 GET https://localhost:7073/_framework/aspnetcore-browser-refresh.js - - - 200 11981 application/javascript;+charset=utf-8 0.6246ms
2022-08-07 07:41:56.196 +06:00 [INF] Sending file. Request path: '/swagger-ui.css'. Physical path: 'N/A'
2022-08-07 07:41:56.196 +06:00 [INF] Request finished HTTP/2 GET https://localhost:7073/swagger/swagger-ui.css - - - 200 143632 text/css 22.8669ms
2022-08-07 07:41:56.658 +06:00 [INF] Sending file. Request path: '/swagger-ui-standalone-preset.js'. Physical path: 'N/A'
2022-08-07 07:41:56.659 +06:00 [INF] Request finished HTTP/2 GET https://localhost:7073/swagger/swagger-ui-standalone-preset.js - - - 200 337162 application/javascript 483.3038ms
2022-08-07 07:41:56.664 +06:00 [INF] Sending file. Request path: '/swagger-ui-bundle.js'. Physical path: 'N/A'
2022-08-07 07:41:56.664 +06:00 [INF] Request finished HTTP/2 GET https://localhost:7073/swagger/swagger-ui-bundle.js - - - 200 1092889 application/javascript 488.8195ms
2022-08-07 07:41:56.938 +06:00 [INF] Request starting HTTP/2 GET https://localhost:7073/swagger/v1/swagger.json - -
2022-08-07 07:41:56.946 +06:00 [INF] Request finished HTTP/2 GET https://localhost:7073/swagger/v1/swagger.json - - - 200 - application/json;charset=utf-8 7.2000ms
2022-08-07 07:41:56.969 +06:00 [INF] Request starting HTTP/2 GET https://localhost:7073/swagger/favicon-32x32.png - -
2022-08-07 07:41:56.970 +06:00 [INF] Sending file. Request path: '/favicon-32x32.png'. Physical path: 'N/A'
2022-08-07 07:41:56.970 +06:00 [INF] Request finished HTTP/2 GET https://localhost:7073/swagger/favicon-32x32.png - - - 200 628 image/png 0.7435ms
2022-08-07 07:42:07.824 +06:00 [INF] Request starting HTTP/2 GET https://localhost:7073/api/Country/1 - -
2022-08-07 07:42:07.825 +06:00 [INF] Executing endpoint 'HotelListing.Controllers.CountryController.GetCountry (HotelListing)'
2022-08-07 07:42:07.825 +06:00 [INF] Route matched with {action = "GetCountry", controller = "Country"}. Executing controller action with signature System.Threading.Tasks.Task`1[Microsoft.AspNetCore.Mvc.ActionResult] GetCountry(Int32) on controller HotelListing.Controllers.CountryController (HotelListing).
2022-08-07 07:42:07.843 +06:00 [INF] Entity Framework Core 6.0.7 initialized 'DatabaseContext' using provider 'Microsoft.EntityFrameworkCore.SqlServer:6.0.7' with options: None
2022-08-07 07:42:07.846 +06:00 [ERR] Something went wrong in the GetCountry
System.InvalidOperationException: An error was generated for warning 'Microsoft.EntityFrameworkCore.Query.InvalidIncludePathError': Unable to find navigation 'Hotels' specified in string based include path 'Hotels'. This exception can be suppressed or logged by passing event ID 'CoreEventId.InvalidIncludePathError' to the 'ConfigureWarnings' method in 'DbContext.OnConfiguring' or 'AddDbContext'.
   at Microsoft.EntityFrameworkCore.Diagnostics.EventDefinition`2.Log[TLoggerCategory](IDiagnosticsLogger`1 logger, TParam1 arg1, TParam2 arg2)
   at Microsoft.EntityFrameworkCore.Diagnostics.CoreLoggerExtensions.InvalidIncludePathError(IDiagnosticsLogger`1 diagnostics, String navigationChain, String navigationName)
   at Microsoft.EntityFrameworkCore.Query.Internal.NavigationExpandingExpressionVisitor.ProcessInclude(NavigationExpansionExpression source, Expression expression, Boolean thenInclude, Boolean setLoaded)
   at Microsoft.EntityFrameworkCore.Query.Internal.NavigationExpandingExpressionVisitor.VisitMethodCall(MethodCallExpression methodCallExpression)
   at Microsoft.EntityFrameworkCore.Query.Internal.NavigationExpandingExpressionVisitor.VisitMethodCall(MethodCallExpression methodCallExpression)
   at Microsoft.EntityFrameworkCore.Query.Internal.NavigationExpandingExpressionVisitor.Expand(Expression query)
   at Microsoft.EntityFrameworkCore.Query.QueryTranslationPreprocessor.Process(Expression query)
   at Microsoft.EntityFrameworkCore.Query.QueryCompilationContext.CreateQueryExecutor[TResult](Expression query)
   at Microsoft.EntityFrameworkCore.Storage.Database.CompileQuery[TResult](Expression query, Boolean async)
   at Microsoft.EntityFrameworkCore.Query.Internal.QueryCompiler.CompileQueryCore[TResult](IDatabase database, Expression query, IModel model, Boolean async)
   at Microsoft.EntityFrameworkCore.Query.Internal.QueryCompiler.<>c__DisplayClass12_0`1.<ExecuteAsync>b__0()
   at Microsoft.EntityFrameworkCore.Query.Internal.CompiledQueryCache.GetOrAddQuery[TResult](Object cacheKey, Func`1 compiler)
   at Microsoft.EntityFrameworkCore.Query.Internal.QueryCompiler.ExecuteAsync[TResult](Expression query, CancellationToken cancellationToken)
   at Microsoft.EntityFrameworkCore.Query.Internal.EntityQueryProvider.ExecuteAsync[TResult](Expression expression, CancellationToken cancellationToken)
   at Microsoft.EntityFrameworkCore.EntityFrameworkQueryableExtensions.ExecuteAsync[TSource,TResult](MethodInfo operatorMethodInfo, IQueryable`1 source, Expression expression, CancellationToken cancellationToken)
   at Microsoft.EntityFrameworkCore.EntityFrameworkQueryableExtensions.ExecuteAsync[TSource,TResult](MethodInfo operatorMethodInfo, IQueryable`1 source, LambdaExpression expression, CancellationToken cancellationToken)
   at Microsoft.EntityFrameworkCore.EntityFrameworkQueryableExtensions.FirstOrDefaultAsync[TSource](IQueryable`1 source, Expression`1 predicate, CancellationToken cancellationToken)
   at HotelListing.Repository.GenericRepository`1.Get(Expression`1 expression, List`1 includes) in G:\ASPDotNetWebAPI\HotelListing\HotelListing\Repository\GenericRepository.cs:line 0
   at HotelListing.Controllers.CountryController.GetCountry(Int32 id) in G:\ASPDotNetWebAPI\HotelListing\HotelListing\Controllers\CountryController.cs:line 46
2022-08-07 07:42:07.847 +06:00 [INF] Executing ObjectResult, writing value of type 'System.String'.
2022-08-07 07:42:07.847 +06:00 [INF] Executed action HotelListing.Controllers.CountryController.GetCountry (HotelListing) in 21.554ms
2022-08-07 07:42:07.847 +06:00 [INF] Executed endpoint 'HotelListing.Controllers.CountryController.GetCountry (HotelListing)'
2022-08-07 07:42:07.847 +06:00 [INF] Request finished HTTP/2 GET https://localhost:7073/api/Country/1 - - - 500 - text/plain;+charset=utf-8 23.6157ms
2022-08-07 23:55:31.126 +06:00 [INF] Now listening on: https://localhost:7073
2022-08-07 23:55:31.174 +06:00 [INF] Now listening on: http://localhost:5073
2022-08-07 23:55:31.179 +06:00 [INF] Application started. Press Ctrl+C to shut down.
2022-08-07 23:55:31.180 +06:00 [INF] Hosting environment: Development
2022-08-07 23:55:31.180 +06:00 [INF] Content root path: G:\ASPDotNetWebAPI\HotelListing\HotelListing\
2022-08-07 23:55:32.286 +06:00 [INF] Request starting HTTP/2 GET https://localhost:7073/swagger/index.html - -
2022-08-07 23:55:33.287 +06:00 [INF] Request finished HTTP/2 GET https://localhost:7073/swagger/index.html - - - 200 - text/html;charset=utf-8 1005.9593ms
2022-08-07 23:55:33.291 +06:00 [INF] Request starting HTTP/2 GET https://localhost:7073/_framework/aspnetcore-browser-refresh.js - -
2022-08-07 23:55:33.297 +06:00 [INF] Request finished HTTP/2 GET https://localhost:7073/_framework/aspnetcore-browser-refresh.js - - - 200 11981 application/javascript;+charset=utf-8 6.5712ms
2022-08-07 23:55:33.816 +06:00 [INF] Request starting HTTP/2 GET https://localhost:7073/swagger/v1/swagger.json - -
2022-08-07 23:55:34.010 +06:00 [INF] Request finished HTTP/2 GET https://localhost:7073/swagger/v1/swagger.json - - - 200 - application/json;charset=utf-8 193.5435ms
2022-08-07 23:55:43.475 +06:00 [INF] Request starting HTTP/2 GET https://localhost:7073/api/Country/1 - -
2022-08-07 23:55:43.487 +06:00 [INF] Executing endpoint 'HotelListing.Controllers.CountryController.GetCountry (HotelListing)'
2022-08-07 23:55:43.545 +06:00 [INF] Route matched with {action = "GetCountry", controller = "Country"}. Executing controller action with signature System.Threading.Tasks.Task`1[Microsoft.AspNetCore.Mvc.ActionResult] GetCountry(Int32) on controller HotelListing.Controllers.CountryController (HotelListing).
2022-08-07 23:55:45.056 +06:00 [INF] Entity Framework Core 6.0.7 initialized 'DatabaseContext' using provider 'Microsoft.EntityFrameworkCore.SqlServer:6.0.7' with options: None
2022-08-07 23:55:45.258 +06:00 [ERR] Something went wrong in the GetCountry
System.InvalidOperationException: An error was generated for warning 'Microsoft.EntityFrameworkCore.Query.InvalidIncludePathError': Unable to find navigation 'Hotels' specified in string based include path 'Hotels'. This exception can be suppressed or logged by passing event ID 'CoreEventId.InvalidIncludePathError' to the 'ConfigureWarnings' method in 'DbContext.OnConfiguring' or 'AddDbContext'.
   at Microsoft.EntityFrameworkCore.Diagnostics.EventDefinition`2.Log[TLoggerCategory](IDiagnosticsLogger`1 logger, TParam1 arg1, TParam2 arg2)
   at Microsoft.EntityFrameworkCore.Diagnostics.CoreLoggerExtensions.InvalidIncludePathError(IDiagnosticsLogger`1 diagnostics, String navigationChain, String navigationName)
   at Microsoft.EntityFrameworkCore.Query.Internal.NavigationExpandingExpressionVisitor.ProcessInclude(NavigationExpansionExpression source, Expression expression, Boolean thenInclude, Boolean setLoaded)
   at Microsoft.EntityFrameworkCore.Query.Internal.NavigationExpandingExpressionVisitor.VisitMethodCall(MethodCallExpression methodCallExpression)
   at System.Linq.Expressions.MethodCallExpression.Accept(ExpressionVisitor visitor)
   at System.Linq.Expressions.ExpressionVisitor.Visit(Expression node)
   at Microsoft.EntityFrameworkCore.Query.Internal.NavigationExpandingExpressionVisitor.VisitMethodCall(MethodCallExpression methodCallExpression)
   at System.Linq.Expressions.MethodCallExpression.Accept(ExpressionVisitor visitor)
   at System.Linq.Expressions.ExpressionVisitor.Visit(Expression node)
   at Microsoft.EntityFrameworkCore.Query.Internal.NavigationExpandingExpressionVisitor.Expand(Expression query)
   at Microsoft.EntityFrameworkCore.Query.QueryTranslationPreprocessor.Process(Expression query)
   at Microsoft.EntityFrameworkCore.Query.QueryCompilationContext.CreateQueryExecutor[TResult](Expression query)
   at Microsoft.EntityFrameworkCore.Storage.Database.CompileQuery[TResult](Expression query, Boolean async)
   at Microsoft.EntityFrameworkCore.Query.Internal.QueryCompiler.CompileQueryCore[TResult](IDatabase database, Expression query, IModel model, Boolean async)
   at Microsoft.EntityFrameworkCore.Query.Internal.QueryCompiler.<>c__DisplayClass12_0`1.<ExecuteAsync>b__0()
   at Microsoft.EntityFrameworkCore.Query.Internal.CompiledQueryCache.GetOrAddQuery[TResult](Object cacheKey, Func`1 compiler)
   at Microsoft.EntityFrameworkCore.Query.Internal.QueryCompiler.ExecuteAsync[TResult](Expression query, CancellationToken cancellationToken)
   at Microsoft.EntityFrameworkCore.Query.Internal.EntityQueryProvider.ExecuteAsync[TResult](Expression expression, CancellationToken cancellationToken)
   at Microsoft.EntityFrameworkCore.EntityFrameworkQueryableExtensions.ExecuteAsync[TSource,TResult](MethodInfo operatorMethodInfo, IQueryable`1 source, Expression expression, CancellationToken cancellationToken)
   at Microsoft.EntityFrameworkCore.EntityFrameworkQueryableExtensions.ExecuteAsync[TSource,TResult](MethodInfo operatorMethodInfo, IQueryable`1 source, LambdaExpression expression, CancellationToken cancellationToken)
   at Microsoft.EntityFrameworkCore.EntityFrameworkQueryableExtensions.FirstOrDefaultAsync[TSource](IQueryable`1 source, Expression`1 predicate, CancellationToken cancellationToken)
   at HotelListing.Repository.GenericRepository`1.Get(Expression`1 expression, List`1 includes) in G:\ASPDotNetWebAPI\HotelListing\HotelListing\Repository\GenericRepository.cs:line 0
   at HotelListing.Controllers.CountryController.GetCountry(Int32 id) in G:\ASPDotNetWebAPI\HotelListing\HotelListing\Controllers\CountryController.cs:line 46
2022-08-07 23:55:45.383 +06:00 [INF] Executing ObjectResult, writing value of type 'System.String'.
2022-08-07 23:55:45.394 +06:00 [INF] Executed action HotelListing.Controllers.CountryController.GetCountry (HotelListing) in 1838.8592ms
2022-08-07 23:55:45.396 +06:00 [INF] Executed endpoint 'HotelListing.Controllers.CountryController.GetCountry (HotelListing)'
2022-08-07 23:55:45.404 +06:00 [INF] Request finished HTTP/2 GET https://localhost:7073/api/Country/1 - - - 500 - text/plain;+charset=utf-8 1929.5109ms
2022-08-07 23:56:23.988 +06:00 [INF] Request starting HTTP/2 GET https://localhost:7073/api/Country - -
2022-08-07 23:56:23.988 +06:00 [INF] Executing endpoint 'HotelListing.Controllers.CountryController.GetCountries (HotelListing)'
2022-08-07 23:56:23.994 +06:00 [INF] Route matched with {action = "GetCountries", controller = "Country"}. Executing controller action with signature System.Threading.Tasks.Task`1[Microsoft.AspNetCore.Mvc.ActionResult] GetCountries() on controller HotelListing.Controllers.CountryController (HotelListing).
2022-08-07 23:56:24.062 +06:00 [INF] Entity Framework Core 6.0.7 initialized 'DatabaseContext' using provider 'Microsoft.EntityFrameworkCore.SqlServer:6.0.7' with options: None
2022-08-07 23:56:26.328 +06:00 [INF] Executed DbCommand (121ms) [Parameters=[], CommandType='"Text"', CommandTimeout='30']
SELECT [c].[Id], [c].[Name], [c].[ShortName]
FROM [Countries] AS [c]
2022-08-07 23:56:26.392 +06:00 [INF] Executing OkObjectResult, writing value of type 'System.Collections.Generic.List`1[[HotelListing.Models.CountryDTO, HotelListing, Version=1.0.0.0, Culture=neutral, PublicKeyToken=null]]'.
2022-08-07 23:56:26.571 +06:00 [INF] Executed action HotelListing.Controllers.CountryController.GetCountries (HotelListing) in 2576.8282ms
2022-08-07 23:56:26.572 +06:00 [INF] Executed endpoint 'HotelListing.Controllers.CountryController.GetCountries (HotelListing)'
2022-08-07 23:56:26.573 +06:00 [INF] Request finished HTTP/2 GET https://localhost:7073/api/Country - - - 200 178 application/json;+charset=utf-8 2585.0250ms
